{"/Users/pierpaolobene/Documents/Polito/Primo Anno Magistrale/Ingegneria del Software/ezelectronics/code/server/index.ts": {"path":"/Users/pierpaolobene/Documents/Polito/Primo Anno Magistrale/Ingegneria del Software/ezelectronics/code/server/index.ts","statementMap":{"0":{"start":{"line":1,"column":13},"end":{"line":1,"column":28}},"1":{"start":{"line":2,"column":0},"end":{"line":2,"column":30}},"2":{"start":{"line":3,"column":0},"end":{"line":3,"column":37}},"3":{"start":{"line":4,"column":0},"end":{"line":4,"column":28}},"4":{"start":{"line":6,"column":0},"end":{"line":6,"column":16}},"5":{"start":{"line":7,"column":33},"end":{"line":7,"column":42}},"6":{"start":{"line":23,"column":9},"end":{"line":23,"column":12}},"7":{"start":{"line":9,"column":21},"end":{"line":9,"column":25}},"8":{"start":{"line":11,"column":20},"end":{"line":14,"column":2}},"9":{"start":{"line":15,"column":0},"end":{"line":15,"column":27}},"10":{"start":{"line":16,"column":0},"end":{"line":16,"column":null}},"11":{"start":{"line":17,"column":0},"end":{"line":21,"column":null}},"12":{"start":{"line":18,"column":4},"end":{"line":20,"column":7}},"13":{"start":{"line":19,"column":8},"end":{"line":19,"column":68}}},"fnMap":{"0":{"name":"(anonymous_1)","decl":{"start":{"line":18,"column":21},"end":{"line":18,"column":24}},"loc":{"start":{"line":18,"column":26},"end":{"line":20,"column":5}}}},"branchMap":{"0":{"loc":{"start":{"line":17,"column":0},"end":{"line":21,"column":null}},"type":"if","locations":[{"start":{"line":17,"column":0},"end":{"line":21,"column":null}}]}},"s":{"0":1,"1":1,"2":1,"3":1,"4":1,"5":1,"6":1,"7":1,"8":1,"9":1,"10":1,"11":1,"12":0,"13":0},"f":{"0":0},"b":{"0":[0]}}
,"/Users/pierpaolobene/Documents/Polito/Primo Anno Magistrale/Ingegneria del Software/ezelectronics/code/server/src/helper.ts": {"path":"/Users/pierpaolobene/Documents/Polito/Primo Anno Magistrale/Ingegneria del Software/ezelectronics/code/server/src/helper.ts","statementMap":{"0":{"start":{"line":1,"column":29},"end":{"line":1,"column":57}},"1":{"start":{"line":17,"column":23},"end":{"line":17,"column":44}},"2":{"start":{"line":18,"column":8},"end":{"line":25,"column":null}},"3":{"start":{"line":19,"column":24},"end":{"line":19,"column":71}},"4":{"start":{"line":20,"column":12},"end":{"line":22,"column":null}},"5":{"start":{"line":21,"column":16},"end":{"line":21,"column":null}},"6":{"start":{"line":24,"column":12},"end":{"line":24,"column":null}},"7":{"start":{"line":26,"column":8},"end":{"line":26,"column":null}},"8":{"start":{"line":34,"column":8},"end":{"line":39,"column":null}},"9":{"start":{"line":35,"column":12},"end":{"line":38,"column":15}},"10":{"start":{"line":43,"column":0},"end":{"line":43,"column":null}}},"fnMap":{"0":{"name":"(anonymous_0)","decl":{"start":{"line":16,"column":4},"end":{"line":16,"column":19}},"loc":{"start":{"line":16,"column":49},"end":{"line":27,"column":5}}},"1":{"name":"(anonymous_1)","decl":{"start":{"line":20,"column":35},"end":{"line":20,"column":36}},"loc":{"start":{"line":20,"column":46},"end":{"line":22,"column":13}}},"2":{"name":"(anonymous_2)","decl":{"start":{"line":33,"column":4},"end":{"line":33,"column":10}},"loc":{"start":{"line":33,"column":59},"end":{"line":40,"column":5}}},"3":{"name":"(anonymous_3)","decl":{"start":{"line":34,"column":19},"end":{"line":34,"column":20}},"loc":{"start":{"line":34,"column":63},"end":{"line":39,"column":9}}}},"branchMap":{"0":{"loc":{"start":{"line":18,"column":8},"end":{"line":25,"column":null}},"type":"if","locations":[{"start":{"line":18,"column":8},"end":{"line":25,"column":null}}]},"1":{"loc":{"start":{"line":35,"column":30},"end":{"line":35,"column":51}},"type":"binary-expr","locations":[{"start":{"line":35,"column":30},"end":{"line":35,"column":44}},{"start":{"line":35,"column":48},"end":{"line":35,"column":51}}]},"2":{"loc":{"start":{"line":36,"column":23},"end":{"line":36,"column":67}},"type":"binary-expr","locations":[{"start":{"line":36,"column":23},"end":{"line":36,"column":40}},{"start":{"line":36,"column":44},"end":{"line":36,"column":67}}]},"3":{"loc":{"start":{"line":37,"column":24},"end":{"line":37,"column":45}},"type":"binary-expr","locations":[{"start":{"line":37,"column":24},"end":{"line":37,"column":38}},{"start":{"line":37,"column":42},"end":{"line":37,"column":45}}]}},"s":{"0":1,"1":219,"2":219,"3":16,"4":16,"5":20,"6":16,"7":203,"8":1,"9":13,"10":1},"f":{"0":219,"1":20,"2":1,"3":13},"b":{"0":[16],"1":[13,0],"2":[13,0],"3":[13,0]}}
,"/Users/pierpaolobene/Documents/Polito/Primo Anno Magistrale/Ingegneria del Software/ezelectronics/code/server/src/routes.ts": {"path":"/Users/pierpaolobene/Documents/Polito/Primo Anno Magistrale/Ingegneria del Software/ezelectronics/code/server/src/routes.ts","statementMap":{"0":{"start":{"line":1,"column":0},"end":{"line":1,"column":29}},"1":{"start":{"line":2,"column":0},"end":{"line":2,"column":35}},"2":{"start":{"line":3,"column":0},"end":{"line":3,"column":42}},"3":{"start":{"line":4,"column":0},"end":{"line":4,"column":61}},"4":{"start":{"line":5,"column":0},"end":{"line":5,"column":51}},"5":{"start":{"line":6,"column":0},"end":{"line":6,"column":45}},"6":{"start":{"line":7,"column":0},"end":{"line":7,"column":49}},"7":{"start":{"line":9,"column":15},"end":{"line":9,"column":32}},"8":{"start":{"line":10,"column":15},"end":{"line":10,"column":31}},"9":{"start":{"line":22,"column":4},"end":{"line":22,"column":27}},"10":{"start":{"line":23,"column":4},"end":{"line":23,"column":null}},"11":{"start":{"line":24,"column":4},"end":{"line":24,"column":null}},"12":{"start":{"line":32,"column":26},"end":{"line":32,"column":48}},"13":{"start":{"line":33,"column":23},"end":{"line":33,"column":52}},"14":{"start":{"line":34,"column":23},"end":{"line":34,"column":52}},"15":{"start":{"line":35,"column":26},"end":{"line":35,"column":58}},"16":{"start":{"line":36,"column":23},"end":{"line":36,"column":52}},"17":{"start":{"line":37,"column":25},"end":{"line":37,"column":56}},"18":{"start":{"line":42,"column":4},"end":{"line":42,"column":null}},"19":{"start":{"line":43,"column":4},"end":{"line":43,"column":null}},"20":{"start":{"line":44,"column":4},"end":{"line":44,"column":null}},"21":{"start":{"line":45,"column":4},"end":{"line":45,"column":null}},"22":{"start":{"line":46,"column":4},"end":{"line":46,"column":null}},"23":{"start":{"line":48,"column":4},"end":{"line":48,"column":null}},"24":{"start":{"line":51,"column":0},"end":{"line":51,"column":null}}},"fnMap":{"0":{"name":"initRoutes","decl":{"start":{"line":21,"column":9},"end":{"line":21,"column":19}},"loc":{"start":{"line":21,"column":44},"end":{"line":49,"column":1}}}},"branchMap":{},"s":{"0":1,"1":1,"2":1,"3":1,"4":1,"5":1,"6":1,"7":1,"8":1,"9":1,"10":1,"11":1,"12":1,"13":1,"14":1,"15":1,"16":1,"17":1,"18":1,"19":1,"20":1,"21":1,"22":1,"23":1,"24":1},"f":{"0":1},"b":{}}
,"/Users/pierpaolobene/Documents/Polito/Primo Anno Magistrale/Ingegneria del Software/ezelectronics/code/server/src/utilities.ts": {"path":"/Users/pierpaolobene/Documents/Polito/Primo Anno Magistrale/Ingegneria del Software/ezelectronics/code/server/src/utilities.ts","statementMap":{"0":{"start":{"line":1,"column":0},"end":{"line":1,"column":41}},"1":{"start":{"line":2,"column":0},"end":{"line":2,"column":46}},"2":{"start":{"line":3,"column":19},"end":{"line":3,"column":71}},"3":{"start":{"line":15,"column":8},"end":{"line":15,"column":null}},"4":{"start":{"line":23,"column":8},"end":{"line":23,"column":null}},"5":{"start":{"line":27,"column":8},"end":{"line":27,"column":null}},"6":{"start":{"line":32,"column":8},"end":{"line":35,"column":null}},"7":{"start":{"line":33,"column":12},"end":{"line":33,"column":36}},"8":{"start":{"line":34,"column":12},"end":{"line":34,"column":19}},"9":{"start":{"line":37,"column":8},"end":{"line":39,"column":null}},"10":{"start":{"line":38,"column":12},"end":{"line":38,"column":58}},"11":{"start":{"line":86,"column":9},"end":{"line":86,"column":16}},"12":{"start":{"line":45,"column":11},"end":{"line":72,"column":6}},"13":{"start":{"line":48,"column":12},"end":{"line":50,"column":null}},"14":{"start":{"line":49,"column":16},"end":{"line":49,"column":123}},"15":{"start":{"line":51,"column":12},"end":{"line":53,"column":null}},"16":{"start":{"line":52,"column":16},"end":{"line":52,"column":82}},"17":{"start":{"line":54,"column":12},"end":{"line":56,"column":null}},"18":{"start":{"line":55,"column":16},"end":{"line":55,"column":79}},"19":{"start":{"line":57,"column":12},"end":{"line":57,"column":24}},"20":{"start":{"line":61,"column":12},"end":{"line":63,"column":null}},"21":{"start":{"line":62,"column":16},"end":{"line":62,"column":97}},"22":{"start":{"line":64,"column":12},"end":{"line":66,"column":null}},"23":{"start":{"line":65,"column":16},"end":{"line":65,"column":82}},"24":{"start":{"line":67,"column":12},"end":{"line":69,"column":null}},"25":{"start":{"line":68,"column":16},"end":{"line":68,"column":76}},"26":{"start":{"line":70,"column":12},"end":{"line":70,"column":24}},"27":{"start":{"line":80,"column":8},"end":{"line":80,"column":null}},"28":{"start":{"line":81,"column":8},"end":{"line":81,"column":null}},"29":{"start":{"line":82,"column":8},"end":{"line":82,"column":null}},"30":{"start":{"line":86,"column":18},"end":{"line":86,"column":27}}},"fnMap":{"0":{"name":"(anonymous_0)","decl":{"start":{"line":14,"column":4},"end":{"line":14,"column":10}},"loc":{"start":{"line":14,"column":31},"end":{"line":16,"column":5}}},"1":{"name":"(anonymous_1)","decl":{"start":{"line":22,"column":4},"end":{"line":22,"column":10}},"loc":{"start":{"line":22,"column":32},"end":{"line":24,"column":5}}},"2":{"name":"(anonymous_2)","decl":{"start":{"line":26,"column":4},"end":{"line":26,"column":10}},"loc":{"start":{"line":26,"column":29},"end":{"line":28,"column":5}}},"3":{"name":"(anonymous_3)","decl":{"start":{"line":30,"column":4},"end":{"line":30,"column":10}},"loc":{"start":{"line":30,"column":59},"end":{"line":40,"column":5}}},"4":{"name":"(anonymous_4)","decl":{"start":{"line":46,"column":33},"end":{"line":46,"column":34}},"loc":{"start":{"line":46,"column":52},"end":{"line":58,"column":9}}},"5":{"name":"(anonymous_5)","decl":{"start":{"line":59,"column":30},"end":{"line":59,"column":31}},"loc":{"start":{"line":59,"column":49},"end":{"line":71,"column":9}}},"6":{"name":"(anonymous_6)","decl":{"start":{"line":79,"column":4},"end":{"line":79,"column":null}},"loc":{"start":{"line":79,"column":4},"end":{"line":83,"column":5}}}},"branchMap":{"0":{"loc":{"start":{"line":32,"column":8},"end":{"line":35,"column":null}},"type":"if","locations":[{"start":{"line":32,"column":8},"end":{"line":35,"column":null}}]},"1":{"loc":{"start":{"line":32,"column":12},"end":{"line":32,"column":59}},"type":"binary-expr","locations":[{"start":{"line":32,"column":12},"end":{"line":32,"column":16}},{"start":{"line":32,"column":20},"end":{"line":32,"column":59}}]},"2":{"loc":{"start":{"line":37,"column":8},"end":{"line":39,"column":null}},"type":"if","locations":[{"start":{"line":37,"column":8},"end":{"line":39,"column":null}}]},"3":{"loc":{"start":{"line":48,"column":12},"end":{"line":50,"column":null}},"type":"if","locations":[{"start":{"line":48,"column":12},"end":{"line":50,"column":null}}]},"4":{"loc":{"start":{"line":48,"column":16},"end":{"line":48,"column":119}},"type":"binary-expr","locations":[{"start":{"line":48,"column":16},"end":{"line":48,"column":49}},{"start":{"line":48,"column":54},"end":{"line":48,"column":60}},{"start":{"line":48,"column":64},"end":{"line":48,"column":118}}]},"5":{"loc":{"start":{"line":51,"column":12},"end":{"line":53,"column":null}},"type":"if","locations":[{"start":{"line":51,"column":12},"end":{"line":53,"column":null}}]},"6":{"loc":{"start":{"line":51,"column":16},"end":{"line":51,"column":69}},"type":"binary-expr","locations":[{"start":{"line":51,"column":16},"end":{"line":51,"column":46}},{"start":{"line":51,"column":50},"end":{"line":51,"column":69}}]},"7":{"loc":{"start":{"line":54,"column":12},"end":{"line":56,"column":null}},"type":"if","locations":[{"start":{"line":54,"column":12},"end":{"line":56,"column":null}}]},"8":{"loc":{"start":{"line":54,"column":16},"end":{"line":54,"column":71}},"type":"binary-expr","locations":[{"start":{"line":54,"column":16},"end":{"line":54,"column":48}},{"start":{"line":54,"column":52},"end":{"line":54,"column":71}}]},"9":{"loc":{"start":{"line":61,"column":12},"end":{"line":63,"column":null}},"type":"if","locations":[{"start":{"line":61,"column":12},"end":{"line":63,"column":null}}]},"10":{"loc":{"start":{"line":61,"column":16},"end":{"line":61,"column":78}},"type":"binary-expr","locations":[{"start":{"line":61,"column":16},"end":{"line":61,"column":46}},{"start":{"line":61,"column":51},"end":{"line":61,"column":57}},{"start":{"line":61,"column":61},"end":{"line":61,"column":77}}]},"11":{"loc":{"start":{"line":64,"column":12},"end":{"line":66,"column":null}},"type":"if","locations":[{"start":{"line":64,"column":12},"end":{"line":66,"column":null}}]},"12":{"loc":{"start":{"line":64,"column":16},"end":{"line":64,"column":72}},"type":"binary-expr","locations":[{"start":{"line":64,"column":16},"end":{"line":64,"column":49}},{"start":{"line":64,"column":53},"end":{"line":64,"column":72}}]},"13":{"loc":{"start":{"line":67,"column":12},"end":{"line":69,"column":null}},"type":"if","locations":[{"start":{"line":67,"column":12},"end":{"line":69,"column":null}}]},"14":{"loc":{"start":{"line":67,"column":16},"end":{"line":67,"column":71}},"type":"binary-expr","locations":[{"start":{"line":67,"column":16},"end":{"line":67,"column":48}},{"start":{"line":67,"column":52},"end":{"line":67,"column":71}}]}},"s":{"0":1,"1":1,"2":1,"3":151,"4":0,"5":302,"6":0,"7":0,"8":0,"9":0,"10":0,"11":1,"12":1,"13":69,"14":6,"15":63,"16":2,"17":61,"18":2,"19":59,"20":69,"21":4,"22":65,"23":2,"24":63,"25":2,"26":61,"27":5,"28":5,"29":5,"30":1},"f":{"0":151,"1":0,"2":302,"3":0,"4":69,"5":69,"6":5},"b":{"0":[0],"1":[0,0],"2":[0],"3":[6],"4":[69,8,4],"5":[2],"6":[63,8],"7":[2],"8":[61,53],"9":[4],"10":[69,8,4],"11":[2],"12":[65,8],"13":[2],"14":[63,53]}}
,"/Users/pierpaolobene/Documents/Polito/Primo Anno Magistrale/Ingegneria del Software/ezelectronics/code/server/src/components/cart.ts": {"path":"/Users/pierpaolobene/Documents/Polito/Primo Anno Magistrale/Ingegneria del Software/ezelectronics/code/server/src/components/cart.ts","statementMap":{"0":{"start":{"line":22,"column":8},"end":{"line":22,"column":null}},"1":{"start":{"line":23,"column":8},"end":{"line":23,"column":null}},"2":{"start":{"line":24,"column":8},"end":{"line":24,"column":null}},"3":{"start":{"line":25,"column":8},"end":{"line":25,"column":null}},"4":{"start":{"line":26,"column":8},"end":{"line":26,"column":null}},"5":{"start":{"line":60,"column":9},"end":{"line":60,"column":13}},"6":{"start":{"line":47,"column":8},"end":{"line":47,"column":null}},"7":{"start":{"line":48,"column":8},"end":{"line":48,"column":null}},"8":{"start":{"line":49,"column":8},"end":{"line":49,"column":null}},"9":{"start":{"line":50,"column":8},"end":{"line":50,"column":null}},"10":{"start":{"line":60,"column":15},"end":{"line":60,"column":28}},"11":{"start":{"line":56,"column":8},"end":{"line":56,"column":44}},"12":{"start":{"line":60,"column":30},"end":{"line":60,"column":39}}},"fnMap":{"0":{"name":"(anonymous_0)","decl":{"start":{"line":21,"column":4},"end":{"line":21,"column":16}},"loc":{"start":{"line":21,"column":117},"end":{"line":27,"column":5}}},"1":{"name":"(anonymous_1)","decl":{"start":{"line":46,"column":4},"end":{"line":46,"column":16}},"loc":{"start":{"line":46,"column":82},"end":{"line":51,"column":5}}},"2":{"name":"(anonymous_2)","decl":{"start":{"line":55,"column":4},"end":{"line":55,"column":16}},"loc":{"start":{"line":55,"column":32},"end":{"line":57,"column":5}}}},"branchMap":{},"s":{"0":0,"1":0,"2":0,"3":0,"4":0,"5":1,"6":0,"7":0,"8":0,"9":0,"10":1,"11":0,"12":1},"f":{"0":0,"1":0,"2":0},"b":{}}
,"/Users/pierpaolobene/Documents/Polito/Primo Anno Magistrale/Ingegneria del Software/ezelectronics/code/server/src/components/product.ts": {"path":"/Users/pierpaolobene/Documents/Polito/Primo Anno Magistrale/Ingegneria del Software/ezelectronics/code/server/src/components/product.ts","statementMap":{"0":{"start":{"line":23,"column":8},"end":{"line":23,"column":41}},"1":{"start":{"line":24,"column":8},"end":{"line":24,"column":27}},"2":{"start":{"line":25,"column":8},"end":{"line":25,"column":33}},"3":{"start":{"line":26,"column":8},"end":{"line":26,"column":39}},"4":{"start":{"line":27,"column":8},"end":{"line":27,"column":31}},"5":{"start":{"line":28,"column":8},"end":{"line":28,"column":33}},"6":{"start":{"line":65,"column":9},"end":{"line":65,"column":16}},"7":{"start":{"line":35,"column":0},"end":{"line":35,"column":null}},"8":{"start":{"line":36,"column":4},"end":{"line":36,"column":null}},"9":{"start":{"line":37,"column":4},"end":{"line":37,"column":null}},"10":{"start":{"line":38,"column":4},"end":{"line":38,"column":null}},"11":{"start":{"line":65,"column":18},"end":{"line":65,"column":26}},"12":{"start":{"line":58,"column":8},"end":{"line":58,"column":41}},"13":{"start":{"line":59,"column":8},"end":{"line":59,"column":27}},"14":{"start":{"line":60,"column":8},"end":{"line":60,"column":33}},"15":{"start":{"line":61,"column":8},"end":{"line":61,"column":33}},"16":{"start":{"line":65,"column":28},"end":{"line":65,"column":44}}},"fnMap":{"0":{"name":"(anonymous_0)","decl":{"start":{"line":22,"column":4},"end":{"line":22,"column":16}},"loc":{"start":{"line":22,"column":141},"end":{"line":29,"column":5}}},"1":{"name":"(anonymous_1)","decl":{"start":{"line":35,"column":0},"end":{"line":35,"column":5}},"loc":{"start":{"line":35,"column":13},"end":{"line":39,"column":1}}},"2":{"name":"(anonymous_2)","decl":{"start":{"line":57,"column":4},"end":{"line":57,"column":16}},"loc":{"start":{"line":57,"column":89},"end":{"line":62,"column":5}}}},"branchMap":{"0":{"loc":{"start":{"line":35,"column":5},"end":{"line":35,"column":null}},"type":"binary-expr","locations":[{"start":{"line":35,"column":5},"end":{"line":35,"column":13}},{"start":{"line":35,"column":5},"end":{"line":35,"column":null}}]}},"s":{"0":122,"1":122,"2":122,"3":122,"4":122,"5":122,"6":1,"7":1,"8":1,"9":1,"10":1,"11":1,"12":0,"13":0,"14":0,"15":0,"16":1},"f":{"0":122,"1":1,"2":0},"b":{"0":[1,1]}}
,"/Users/pierpaolobene/Documents/Polito/Primo Anno Magistrale/Ingegneria del Software/ezelectronics/code/server/src/components/review.ts": {"path":"/Users/pierpaolobene/Documents/Polito/Primo Anno Magistrale/Ingegneria del Software/ezelectronics/code/server/src/components/review.ts","statementMap":{"0":{"start":{"line":20,"column":8},"end":{"line":20,"column":null}},"1":{"start":{"line":21,"column":8},"end":{"line":21,"column":null}},"2":{"start":{"line":22,"column":8},"end":{"line":22,"column":null}},"3":{"start":{"line":23,"column":8},"end":{"line":23,"column":null}},"4":{"start":{"line":24,"column":8},"end":{"line":24,"column":null}},"5":{"start":{"line":28,"column":9},"end":{"line":28,"column":22}}},"fnMap":{"0":{"name":"(anonymous_0)","decl":{"start":{"line":19,"column":4},"end":{"line":19,"column":16}},"loc":{"start":{"line":19,"column":89},"end":{"line":25,"column":5}}}},"branchMap":{},"s":{"0":0,"1":0,"2":0,"3":0,"4":0,"5":1},"f":{"0":0},"b":{}}
,"/Users/pierpaolobene/Documents/Polito/Primo Anno Magistrale/Ingegneria del Software/ezelectronics/code/server/src/components/user.ts": {"path":"/Users/pierpaolobene/Documents/Polito/Primo Anno Magistrale/Ingegneria del Software/ezelectronics/code/server/src/components/user.ts","statementMap":{"0":{"start":{"line":22,"column":8},"end":{"line":22,"column":null}},"1":{"start":{"line":23,"column":8},"end":{"line":23,"column":null}},"2":{"start":{"line":24,"column":8},"end":{"line":24,"column":null}},"3":{"start":{"line":25,"column":8},"end":{"line":25,"column":null}},"4":{"start":{"line":26,"column":8},"end":{"line":26,"column":null}},"5":{"start":{"line":27,"column":8},"end":{"line":27,"column":null}},"6":{"start":{"line":41,"column":9},"end":{"line":41,"column":13}},"7":{"start":{"line":35,"column":0},"end":{"line":35,"column":null}},"8":{"start":{"line":36,"column":4},"end":{"line":36,"column":null}},"9":{"start":{"line":37,"column":4},"end":{"line":37,"column":null}},"10":{"start":{"line":38,"column":4},"end":{"line":38,"column":null}},"11":{"start":{"line":41,"column":15},"end":{"line":41,"column":19}}},"fnMap":{"0":{"name":"(anonymous_0)","decl":{"start":{"line":21,"column":4},"end":{"line":21,"column":16}},"loc":{"start":{"line":21,"column":111},"end":{"line":28,"column":5}}},"1":{"name":"(anonymous_1)","decl":{"start":{"line":35,"column":0},"end":{"line":35,"column":5}},"loc":{"start":{"line":35,"column":9},"end":{"line":39,"column":1}}}},"branchMap":{"0":{"loc":{"start":{"line":35,"column":5},"end":{"line":35,"column":null}},"type":"binary-expr","locations":[{"start":{"line":35,"column":5},"end":{"line":35,"column":9}},{"start":{"line":35,"column":5},"end":{"line":35,"column":null}}]}},"s":{"0":325,"1":325,"2":325,"3":325,"4":325,"5":325,"6":1,"7":1,"8":1,"9":1,"10":1,"11":1},"f":{"0":325,"1":1},"b":{"0":[1,1]}}
,"/Users/pierpaolobene/Documents/Polito/Primo Anno Magistrale/Ingegneria del Software/ezelectronics/code/server/src/controllers/cartController.ts": {"path":"/Users/pierpaolobene/Documents/Polito/Primo Anno Magistrale/Ingegneria del Software/ezelectronics/code/server/src/controllers/cartController.ts","statementMap":{"0":{"start":{"line":2,"column":0},"end":{"line":2,"column":37}},"1":{"start":{"line":14,"column":8},"end":{"line":14,"column":null}},"2":{"start":{"line":26,"column":8},"end":{"line":26,"column":58}},"3":{"start":{"line":36,"column":8},"end":{"line":36,"column":null}},"4":{"start":{"line":46,"column":8},"end":{"line":46,"column":null}},"5":{"start":{"line":56,"column":8},"end":{"line":56,"column":null}},"6":{"start":{"line":66,"column":8},"end":{"line":66,"column":null}},"7":{"start":{"line":76,"column":8},"end":{"line":76,"column":null}},"8":{"start":{"line":84,"column":8},"end":{"line":84,"column":null}},"9":{"start":{"line":92,"column":8},"end":{"line":92,"column":null}},"10":{"start":{"line":96,"column":0},"end":{"line":96,"column":null}}},"fnMap":{"0":{"name":"(anonymous_8)","decl":{"start":{"line":13,"column":4},"end":{"line":13,"column":null}},"loc":{"start":{"line":13,"column":4},"end":{"line":15,"column":5}}},"1":{"name":"(anonymous_9)","decl":{"start":{"line":25,"column":10},"end":{"line":25,"column":19}},"loc":{"start":{"line":25,"column":47},"end":{"line":27,"column":null}}},"2":{"name":"(anonymous_11)","decl":{"start":{"line":35,"column":10},"end":{"line":35,"column":17}},"loc":{"start":{"line":35,"column":28},"end":{"line":37,"column":null}}},"3":{"name":"(anonymous_13)","decl":{"start":{"line":45,"column":10},"end":{"line":45,"column":22}},"loc":{"start":{"line":45,"column":33},"end":{"line":47,"column":null}}},"4":{"name":"(anonymous_15)","decl":{"start":{"line":55,"column":10},"end":{"line":55,"column":26}},"loc":{"start":{"line":55,"column":37},"end":{"line":57,"column":null}}},"5":{"name":"(anonymous_17)","decl":{"start":{"line":65,"column":10},"end":{"line":65,"column":31}},"loc":{"start":{"line":65,"column":59},"end":{"line":67,"column":null}}},"6":{"name":"(anonymous_19)","decl":{"start":{"line":75,"column":10},"end":{"line":75,"column":19}},"loc":{"start":{"line":75,"column":30},"end":{"line":77,"column":null}}},"7":{"name":"(anonymous_21)","decl":{"start":{"line":83,"column":10},"end":{"line":83,"column":24}},"loc":{"start":{"line":83,"column":24},"end":{"line":85,"column":null}}},"8":{"name":"(anonymous_23)","decl":{"start":{"line":91,"column":10},"end":{"line":91,"column":21}},"loc":{"start":{"line":91,"column":21},"end":{"line":93,"column":null}}}},"branchMap":{},"s":{"0":1,"1":1,"2":0,"3":0,"4":0,"5":0,"6":0,"7":0,"8":0,"9":0,"10":1},"f":{"0":1,"1":0,"2":0,"3":0,"4":0,"5":0,"6":0,"7":0,"8":0},"b":{}}
,"/Users/pierpaolobene/Documents/Polito/Primo Anno Magistrale/Ingegneria del Software/ezelectronics/code/server/src/controllers/productController.ts": {"path":"/Users/pierpaolobene/Documents/Polito/Primo Anno Magistrale/Ingegneria del Software/ezelectronics/code/server/src/controllers/productController.ts","statementMap":{"0":{"start":{"line":1,"column":0},"end":{"line":1,"column":43}},"1":{"start":{"line":11,"column":8},"end":{"line":11,"column":null}},"2":{"start":{"line":25,"column":8},"end":{"line":25,"column":104}},"3":{"start":{"line":36,"column":8},"end":{"line":36,"column":78}},"4":{"start":{"line":47,"column":8},"end":{"line":47,"column":66}},"5":{"start":{"line":58,"column":8},"end":{"line":58,"column":70}},"6":{"start":{"line":69,"column":8},"end":{"line":69,"column":69}},"7":{"start":{"line":77,"column":8},"end":{"line":77,"column":44}},"8":{"start":{"line":87,"column":8},"end":{"line":87,"column":45}},"9":{"start":{"line":92,"column":0},"end":{"line":92,"column":33}}},"fnMap":{"0":{"name":"(anonymous_8)","decl":{"start":{"line":10,"column":4},"end":{"line":10,"column":null}},"loc":{"start":{"line":10,"column":4},"end":{"line":12,"column":5}}},"1":{"name":"(anonymous_9)","decl":{"start":{"line":24,"column":10},"end":{"line":24,"column":26}},"loc":{"start":{"line":24,"column":150},"end":{"line":26,"column":null}}},"2":{"name":"(anonymous_11)","decl":{"start":{"line":35,"column":10},"end":{"line":35,"column":31}},"loc":{"start":{"line":35,"column":93},"end":{"line":37,"column":null}}},"3":{"name":"(anonymous_13)","decl":{"start":{"line":46,"column":10},"end":{"line":46,"column":21}},"loc":{"start":{"line":46,"column":81},"end":{"line":48,"column":null}}},"4":{"name":"(anonymous_15)","decl":{"start":{"line":57,"column":10},"end":{"line":57,"column":21}},"loc":{"start":{"line":57,"column":92},"end":{"line":59,"column":null}}},"5":{"name":"(anonymous_17)","decl":{"start":{"line":68,"column":10},"end":{"line":68,"column":30}},"loc":{"start":{"line":68,"column":101},"end":{"line":70,"column":null}}},"6":{"name":"(anonymous_19)","decl":{"start":{"line":76,"column":10},"end":{"line":76,"column":27}},"loc":{"start":{"line":76,"column":27},"end":{"line":78,"column":null}}},"7":{"name":"(anonymous_21)","decl":{"start":{"line":86,"column":10},"end":{"line":86,"column":23}},"loc":{"start":{"line":86,"column":37},"end":{"line":88,"column":null}}}},"branchMap":{},"s":{"0":1,"1":1,"2":112,"3":5,"4":23,"5":51,"6":4,"7":1,"8":106,"9":1},"f":{"0":1,"1":112,"2":5,"3":23,"4":51,"5":4,"6":1,"7":106},"b":{}}
,"/Users/pierpaolobene/Documents/Polito/Primo Anno Magistrale/Ingegneria del Software/ezelectronics/code/server/src/controllers/reviewController.ts": {"path":"/Users/pierpaolobene/Documents/Polito/Primo Anno Magistrale/Ingegneria del Software/ezelectronics/code/server/src/controllers/reviewController.ts","statementMap":{"0":{"start":{"line":3,"column":0},"end":{"line":3,"column":41}},"1":{"start":{"line":4,"column":0},"end":{"line":4,"column":53}},"2":{"start":{"line":5,"column":0},"end":{"line":5,"column":26}},"3":{"start":{"line":11,"column":8},"end":{"line":11,"column":null}},"4":{"start":{"line":23,"column":23},"end":{"line":23,"column":108}},"5":{"start":{"line":24,"column":8},"end":{"line":24,"column":42}},"6":{"start":{"line":33,"column":8},"end":{"line":33,"column":49}},"7":{"start":{"line":43,"column":8},"end":{"line":43,"column":50}},"8":{"start":{"line":52,"column":8},"end":{"line":52,"column":54}},"9":{"start":{"line":60,"column":8},"end":{"line":60,"column":43}},"10":{"start":{"line":64,"column":0},"end":{"line":64,"column":32}}},"fnMap":{"0":{"name":"(anonymous_8)","decl":{"start":{"line":10,"column":4},"end":{"line":10,"column":null}},"loc":{"start":{"line":10,"column":4},"end":{"line":12,"column":5}}},"1":{"name":"(anonymous_9)","decl":{"start":{"line":22,"column":10},"end":{"line":22,"column":19}},"loc":{"start":{"line":22,"column":77},"end":{"line":25,"column":null}}},"2":{"name":"(anonymous_11)","decl":{"start":{"line":32,"column":10},"end":{"line":32,"column":27}},"loc":{"start":{"line":32,"column":41},"end":{"line":34,"column":null}}},"3":{"name":"(anonymous_13)","decl":{"start":{"line":42,"column":10},"end":{"line":42,"column":22}},"loc":{"start":{"line":42,"column":48},"end":{"line":44,"column":null}}},"4":{"name":"(anonymous_15)","decl":{"start":{"line":51,"column":10},"end":{"line":51,"column":32}},"loc":{"start":{"line":51,"column":46},"end":{"line":53,"column":null}}},"5":{"name":"(anonymous_17)","decl":{"start":{"line":59,"column":10},"end":{"line":59,"column":26}},"loc":{"start":{"line":59,"column":26},"end":{"line":61,"column":null}}}},"branchMap":{},"s":{"0":1,"1":1,"2":1,"3":1,"4":0,"5":0,"6":0,"7":0,"8":0,"9":0,"10":1},"f":{"0":1,"1":0,"2":0,"3":0,"4":0,"5":0},"b":{}}
,"/Users/pierpaolobene/Documents/Polito/Primo Anno Magistrale/Ingegneria del Software/ezelectronics/code/server/src/controllers/userController.ts": {"path":"/Users/pierpaolobene/Documents/Polito/Primo Anno Magistrale/Ingegneria del Software/ezelectronics/code/server/src/controllers/userController.ts","statementMap":{"0":{"start":{"line":3,"column":0},"end":{"line":3,"column":36}},"1":{"start":{"line":4,"column":0},"end":{"line":4,"column":59}},"2":{"start":{"line":14,"column":8},"end":{"line":14,"column":null}},"3":{"start":{"line":27,"column":8},"end":{"line":27,"column":null}},"4":{"start":{"line":35,"column":8},"end":{"line":35,"column":null}},"5":{"start":{"line":44,"column":8},"end":{"line":44,"column":null}},"6":{"start":{"line":56,"column":8},"end":{"line":56,"column":null}},"7":{"start":{"line":56,"column":69},"end":{"line":56,"column":null}},"8":{"start":{"line":57,"column":25},"end":{"line":57,"column":67}},"9":{"start":{"line":58,"column":8},"end":{"line":58,"column":null}},"10":{"start":{"line":71,"column":32},"end":{"line":71,"column":74}},"11":{"start":{"line":72,"column":29},"end":{"line":73,"column":78}},"12":{"start":{"line":74,"column":8},"end":{"line":74,"column":null}},"13":{"start":{"line":74,"column":27},"end":{"line":74,"column":null}},"14":{"start":{"line":75,"column":25},"end":{"line":75,"column":60}},"15":{"start":{"line":76,"column":8},"end":{"line":76,"column":null}},"16":{"start":{"line":84,"column":8},"end":{"line":84,"column":null}},"17":{"start":{"line":98,"column":8},"end":{"line":98,"column":null}},"18":{"start":{"line":98,"column":40},"end":{"line":98,"column":null}},"19":{"start":{"line":99,"column":8},"end":{"line":99,"column":null}},"20":{"start":{"line":103,"column":0},"end":{"line":103,"column":null}}},"fnMap":{"0":{"name":"(anonymous_8)","decl":{"start":{"line":13,"column":4},"end":{"line":13,"column":null}},"loc":{"start":{"line":13,"column":4},"end":{"line":15,"column":5}}},"1":{"name":"(anonymous_9)","decl":{"start":{"line":26,"column":10},"end":{"line":26,"column":20}},"loc":{"start":{"line":26,"column":100},"end":{"line":28,"column":null}}},"2":{"name":"(anonymous_11)","decl":{"start":{"line":34,"column":10},"end":{"line":34,"column":18}},"loc":{"start":{"line":34,"column":18},"end":{"line":36,"column":null}}},"3":{"name":"(anonymous_13)","decl":{"start":{"line":43,"column":10},"end":{"line":43,"column":24}},"loc":{"start":{"line":43,"column":37},"end":{"line":45,"column":null}}},"4":{"name":"(anonymous_15)","decl":{"start":{"line":55,"column":10},"end":{"line":55,"column":27}},"loc":{"start":{"line":55,"column":56},"end":{"line":59,"column":null}}},"5":{"name":"(anonymous_17)","decl":{"start":{"line":70,"column":10},"end":{"line":70,"column":20}},"loc":{"start":{"line":70,"column":49},"end":{"line":77,"column":null}}},"6":{"name":"(anonymous_19)","decl":{"start":{"line":83,"column":10},"end":{"line":83,"column":19}},"loc":{"start":{"line":83,"column":19},"end":{"line":85,"column":null}}},"7":{"name":"(anonymous_21)","decl":{"start":{"line":97,"column":10},"end":{"line":97,"column":24}},"loc":{"start":{"line":97,"column":120},"end":{"line":100,"column":null}}}},"branchMap":{"0":{"loc":{"start":{"line":56,"column":8},"end":{"line":56,"column":null}},"type":"if","locations":[{"start":{"line":56,"column":8},"end":{"line":56,"column":null}}]},"1":{"loc":{"start":{"line":56,"column":12},"end":{"line":56,"column":67}},"type":"binary-expr","locations":[{"start":{"line":56,"column":13},"end":{"line":56,"column":34}},{"start":{"line":56,"column":40},"end":{"line":56,"column":66}}]},"2":{"loc":{"start":{"line":72,"column":29},"end":{"line":73,"column":78}},"type":"binary-expr","locations":[{"start":{"line":72,"column":30},"end":{"line":72,"column":51}},{"start":{"line":72,"column":56},"end":{"line":72,"column":82}},{"start":{"line":72,"column":86},"end":{"line":72,"column":118}},{"start":{"line":73,"column":26},"end":{"line":73,"column":47}},{"start":{"line":73,"column":51},"end":{"line":73,"column":77}}]},"3":{"loc":{"start":{"line":74,"column":8},"end":{"line":74,"column":null}},"type":"if","locations":[{"start":{"line":74,"column":8},"end":{"line":74,"column":null}}]},"4":{"loc":{"start":{"line":98,"column":8},"end":{"line":98,"column":null}},"type":"if","locations":[{"start":{"line":98,"column":8},"end":{"line":98,"column":null}}]}},"s":{"0":1,"1":1,"2":1,"3":3,"4":0,"5":0,"6":0,"7":0,"8":0,"9":0,"10":0,"11":0,"12":0,"13":0,"14":0,"15":0,"16":0,"17":0,"18":0,"19":0,"20":1},"f":{"0":1,"1":3,"2":0,"3":0,"4":0,"5":0,"6":0,"7":0},"b":{"0":[0],"1":[0,0],"2":[0,0,0,0,0],"3":[0],"4":[0]}}
,"/Users/pierpaolobene/Documents/Polito/Primo Anno Magistrale/Ingegneria del Software/ezelectronics/code/server/src/dao/cartDAO.ts": {"path":"/Users/pierpaolobene/Documents/Polito/Primo Anno Magistrale/Ingegneria del Software/ezelectronics/code/server/src/dao/cartDAO.ts","statementMap":{"0":{"start":{"line":1,"column":0},"end":{"line":1,"column":25}},"1":{"start":{"line":2,"column":0},"end":{"line":2,"column":67}},"2":{"start":{"line":3,"column":0},"end":{"line":3,"column":56}},"3":{"start":{"line":4,"column":0},"end":{"line":4,"column":107}},"4":{"start":{"line":5,"column":0},"end":{"line":5,"column":94}},"5":{"start":{"line":6,"column":0},"end":{"line":6,"column":25}},"6":{"start":{"line":7,"column":0},"end":{"line":7,"column":47}},"7":{"start":{"line":8,"column":0},"end":{"line":8,"column":27}},"8":{"start":{"line":16,"column":8},"end":{"line":40,"column":null}},"9":{"start":{"line":17,"column":12},"end":{"line":39,"column":null}},"10":{"start":{"line":19,"column":20},"end":{"line":21,"column":null}},"11":{"start":{"line":22,"column":16},"end":{"line":22,"column":55}},"12":{"start":{"line":22,"column":32},"end":{"line":22,"column":55}},"13":{"start":{"line":23,"column":16},"end":{"line":36,"column":null}},"14":{"start":{"line":24,"column":20},"end":{"line":35,"column":null}},"15":{"start":{"line":25,"column":24},"end":{"line":25,"column":null}},"16":{"start":{"line":27,"column":25},"end":{"line":35,"column":null}},"17":{"start":{"line":29,"column":24},"end":{"line":29,"column":null}},"18":{"start":{"line":33,"column":55},"end":{"line":33,"column":87}},"19":{"start":{"line":34,"column":24},"end":{"line":34,"column":null}},"20":{"start":{"line":38,"column":16},"end":{"line":38,"column":null}},"21":{"start":{"line":45,"column":8},"end":{"line":72,"column":null}},"22":{"start":{"line":46,"column":12},"end":{"line":71,"column":null}},"23":{"start":{"line":48,"column":20},"end":{"line":50,"column":null}},"24":{"start":{"line":51,"column":16},"end":{"line":68,"column":null}},"25":{"start":{"line":52,"column":20},"end":{"line":67,"column":null}},"26":{"start":{"line":53,"column":24},"end":{"line":53,"column":null}},"27":{"start":{"line":55,"column":25},"end":{"line":67,"column":null}},"28":{"start":{"line":57,"column":24},"end":{"line":57,"column":null}},"29":{"start":{"line":61,"column":56},"end":{"line":61,"column":58}},"30":{"start":{"line":62,"column":24},"end":{"line":64,"column":null}},"31":{"start":{"line":63,"column":28},"end":{"line":63,"column":null}},"32":{"start":{"line":65,"column":24},"end":{"line":65,"column":null}},"33":{"start":{"line":66,"column":24},"end":{"line":66,"column":48}},"34":{"start":{"line":70,"column":16},"end":{"line":70,"column":30}},"35":{"start":{"line":78,"column":8},"end":{"line":92,"column":null}},"36":{"start":{"line":78,"column":59},"end":{"line":92,"column":10}},"37":{"start":{"line":79,"column":12},"end":{"line":91,"column":null}},"38":{"start":{"line":80,"column":39},"end":{"line":80,"column":73}},"39":{"start":{"line":82,"column":16},"end":{"line":88,"column":null}},"40":{"start":{"line":83,"column":20},"end":{"line":83,"column":null}},"41":{"start":{"line":86,"column":42},"end":{"line":86,"column":89}},"42":{"start":{"line":87,"column":20},"end":{"line":87,"column":null}},"43":{"start":{"line":90,"column":16},"end":{"line":90,"column":null}},"44":{"start":{"line":97,"column":8},"end":{"line":119,"column":null}},"45":{"start":{"line":98,"column":12},"end":{"line":118,"column":null}},"46":{"start":{"line":100,"column":20},"end":{"line":102,"column":null}},"47":{"start":{"line":103,"column":16},"end":{"line":115,"column":null}},"48":{"start":{"line":104,"column":20},"end":{"line":114,"column":null}},"49":{"start":{"line":105,"column":24},"end":{"line":105,"column":null}},"50":{"start":{"line":107,"column":25},"end":{"line":114,"column":null}},"51":{"start":{"line":109,"column":24},"end":{"line":109,"column":null}},"52":{"start":{"line":113,"column":24},"end":{"line":113,"column":null}},"53":{"start":{"line":117,"column":16},"end":{"line":117,"column":null}},"54":{"start":{"line":130,"column":8},"end":{"line":199,"column":null}},"55":{"start":{"line":132,"column":28},"end":{"line":132,"column":62}},"56":{"start":{"line":135,"column":12},"end":{"line":137,"column":null}},"57":{"start":{"line":136,"column":16},"end":{"line":136,"column":51}},"58":{"start":{"line":140,"column":33},"end":{"line":140,"column":67}},"59":{"start":{"line":142,"column":12},"end":{"line":160,"column":null}},"60":{"start":{"line":145,"column":20},"end":{"line":146,"column":41}},"61":{"start":{"line":147,"column":41},"end":{"line":155,"column":18}},"62":{"start":{"line":148,"column":20},"end":{"line":154,"column":23}},"63":{"start":{"line":149,"column":24},"end":{"line":153,"column":null}},"64":{"start":{"line":150,"column":28},"end":{"line":150,"column":40}},"65":{"start":{"line":152,"column":28},"end":{"line":152,"column":55}},"66":{"start":{"line":156,"column":16},"end":{"line":156,"column":52}},"67":{"start":{"line":159,"column":16},"end":{"line":159,"column":77}},"68":{"start":{"line":164,"column":16},"end":{"line":166,"column":49}},"69":{"start":{"line":167,"column":37},"end":{"line":175,"column":14}},"70":{"start":{"line":168,"column":16},"end":{"line":174,"column":19}},"71":{"start":{"line":169,"column":20},"end":{"line":173,"column":null}},"72":{"start":{"line":170,"column":24},"end":{"line":170,"column":36}},"73":{"start":{"line":172,"column":24},"end":{"line":172,"column":37}},"74":{"start":{"line":177,"column":12},"end":{"line":194,"column":null}},"75":{"start":{"line":180,"column":20},"end":{"line":181,"column":44}},"76":{"start":{"line":182,"column":16},"end":{"line":190,"column":19}},"77":{"start":{"line":183,"column":20},"end":{"line":189,"column":23}},"78":{"start":{"line":184,"column":24},"end":{"line":188,"column":null}},"79":{"start":{"line":185,"column":28},"end":{"line":185,"column":40}},"80":{"start":{"line":187,"column":28},"end":{"line":187,"column":38}},"81":{"start":{"line":193,"column":16},"end":{"line":193,"column":79}},"82":{"start":{"line":196,"column":12},"end":{"line":196,"column":24}},"83":{"start":{"line":198,"column":12},"end":{"line":198,"column":24}},"84":{"start":{"line":206,"column":8},"end":{"line":240,"column":null}},"85":{"start":{"line":207,"column":12},"end":{"line":239,"column":null}},"86":{"start":{"line":209,"column":20},"end":{"line":211,"column":null}},"87":{"start":{"line":212,"column":16},"end":{"line":236,"column":null}},"88":{"start":{"line":213,"column":20},"end":{"line":235,"column":null}},"89":{"start":{"line":214,"column":24},"end":{"line":214,"column":null}},"90":{"start":{"line":216,"column":25},"end":{"line":235,"column":null}},"91":{"start":{"line":218,"column":24},"end":{"line":218,"column":null}},"92":{"start":{"line":222,"column":68},"end":{"line":222,"column":70}},"93":{"start":{"line":223,"column":24},"end":{"line":233,"column":null}},"94":{"start":{"line":224,"column":28},"end":{"line":227,"column":null}},"95":{"start":{"line":225,"column":32},"end":{"line":225,"column":null}},"96":{"start":{"line":226,"column":32},"end":{"line":226,"column":38}},"97":{"start":{"line":228,"column":28},"end":{"line":231,"column":null}},"98":{"start":{"line":229,"column":32},"end":{"line":229,"column":null}},"99":{"start":{"line":230,"column":32},"end":{"line":230,"column":38}},"100":{"start":{"line":232,"column":28},"end":{"line":232,"column":null}},"101":{"start":{"line":234,"column":24},"end":{"line":234,"column":null}},"102":{"start":{"line":238,"column":16},"end":{"line":238,"column":null}},"103":{"start":{"line":245,"column":8},"end":{"line":263,"column":null}},"104":{"start":{"line":246,"column":12},"end":{"line":262,"column":null}},"105":{"start":{"line":248,"column":20},"end":{"line":250,"column":null}},"106":{"start":{"line":251,"column":38},"end":{"line":251,"column":70}},"107":{"start":{"line":252,"column":16},"end":{"line":259,"column":null}},"108":{"start":{"line":253,"column":20},"end":{"line":258,"column":null}},"109":{"start":{"line":254,"column":24},"end":{"line":254,"column":null}},"110":{"start":{"line":257,"column":24},"end":{"line":257,"column":null}},"111":{"start":{"line":261,"column":16},"end":{"line":261,"column":null}},"112":{"start":{"line":268,"column":8},"end":{"line":286,"column":null}},"113":{"start":{"line":268,"column":62},"end":{"line":286,"column":10}},"114":{"start":{"line":269,"column":12},"end":{"line":285,"column":null}},"115":{"start":{"line":271,"column":20},"end":{"line":273,"column":null}},"116":{"start":{"line":274,"column":16},"end":{"line":281,"column":null}},"117":{"start":{"line":275,"column":20},"end":{"line":280,"column":null}},"118":{"start":{"line":276,"column":24},"end":{"line":276,"column":null}},"119":{"start":{"line":279,"column":24},"end":{"line":279,"column":null}},"120":{"start":{"line":284,"column":16},"end":{"line":284,"column":null}},"121":{"start":{"line":290,"column":8},"end":{"line":308,"column":null}},"122":{"start":{"line":290,"column":62},"end":{"line":308,"column":10}},"123":{"start":{"line":291,"column":12},"end":{"line":307,"column":null}},"124":{"start":{"line":292,"column":39},"end":{"line":292,"column":73}},"125":{"start":{"line":294,"column":16},"end":{"line":304,"column":null}},"126":{"start":{"line":295,"column":20},"end":{"line":295,"column":null}},"127":{"start":{"line":298,"column":66},"end":{"line":298,"column":101}},"128":{"start":{"line":299,"column":20},"end":{"line":299,"column":null}},"129":{"start":{"line":300,"column":20},"end":{"line":302,"column":null}},"130":{"start":{"line":301,"column":24},"end":{"line":301,"column":null}},"131":{"start":{"line":303,"column":20},"end":{"line":303,"column":null}},"132":{"start":{"line":306,"column":16},"end":{"line":306,"column":null}},"133":{"start":{"line":313,"column":8},"end":{"line":340,"column":null}},"134":{"start":{"line":314,"column":12},"end":{"line":339,"column":null}},"135":{"start":{"line":316,"column":20},"end":{"line":318,"column":null}},"136":{"start":{"line":319,"column":16},"end":{"line":336,"column":null}},"137":{"start":{"line":320,"column":20},"end":{"line":335,"column":null}},"138":{"start":{"line":321,"column":24},"end":{"line":321,"column":null}},"139":{"start":{"line":323,"column":25},"end":{"line":335,"column":null}},"140":{"start":{"line":325,"column":24},"end":{"line":325,"column":null}},"141":{"start":{"line":329,"column":52},"end":{"line":329,"column":54}},"142":{"start":{"line":330,"column":24},"end":{"line":333,"column":null}},"143":{"start":{"line":331,"column":59},"end":{"line":331,"column":91}},"144":{"start":{"line":332,"column":28},"end":{"line":332,"column":null}},"145":{"start":{"line":334,"column":24},"end":{"line":334,"column":null}},"146":{"start":{"line":338,"column":16},"end":{"line":338,"column":null}},"147":{"start":{"line":344,"column":8},"end":{"line":362,"column":null}},"148":{"start":{"line":344,"column":61},"end":{"line":362,"column":10}},"149":{"start":{"line":345,"column":12},"end":{"line":361,"column":null}},"150":{"start":{"line":346,"column":49},"end":{"line":346,"column":88}},"151":{"start":{"line":348,"column":16},"end":{"line":358,"column":null}},"152":{"start":{"line":349,"column":20},"end":{"line":349,"column":null}},"153":{"start":{"line":352,"column":43},"end":{"line":352,"column":45}},"154":{"start":{"line":353,"column":20},"end":{"line":356,"column":null}},"155":{"start":{"line":354,"column":52},"end":{"line":354,"column":109}},"156":{"start":{"line":355,"column":24},"end":{"line":355,"column":null}},"157":{"start":{"line":357,"column":20},"end":{"line":357,"column":null}},"158":{"start":{"line":360,"column":16},"end":{"line":360,"column":null}},"159":{"start":{"line":368,"column":8},"end":{"line":386,"column":null}},"160":{"start":{"line":369,"column":12},"end":{"line":385,"column":null}},"161":{"start":{"line":370,"column":43},"end":{"line":370,"column":63}},"162":{"start":{"line":372,"column":20},"end":{"line":374,"column":null}},"163":{"start":{"line":375,"column":16},"end":{"line":382,"column":null}},"164":{"start":{"line":376,"column":20},"end":{"line":381,"column":null}},"165":{"start":{"line":377,"column":24},"end":{"line":377,"column":null}},"166":{"start":{"line":380,"column":24},"end":{"line":380,"column":null}},"167":{"start":{"line":384,"column":16},"end":{"line":384,"column":null}},"168":{"start":{"line":391,"column":8},"end":{"line":407,"column":null}},"169":{"start":{"line":392,"column":12},"end":{"line":406,"column":null}},"170":{"start":{"line":394,"column":20},"end":{"line":395,"column":null}},"171":{"start":{"line":396,"column":16},"end":{"line":403,"column":null}},"172":{"start":{"line":397,"column":20},"end":{"line":402,"column":null}},"173":{"start":{"line":398,"column":24},"end":{"line":398,"column":null}},"174":{"start":{"line":401,"column":24},"end":{"line":401,"column":null}},"175":{"start":{"line":405,"column":16},"end":{"line":405,"column":null}},"176":{"start":{"line":412,"column":8},"end":{"line":429,"column":null}},"177":{"start":{"line":413,"column":12},"end":{"line":428,"column":null}},"178":{"start":{"line":415,"column":20},"end":{"line":417,"column":null}},"179":{"start":{"line":418,"column":16},"end":{"line":425,"column":null}},"180":{"start":{"line":419,"column":20},"end":{"line":424,"column":null}},"181":{"start":{"line":420,"column":24},"end":{"line":420,"column":null}},"182":{"start":{"line":423,"column":24},"end":{"line":423,"column":null}},"183":{"start":{"line":427,"column":16},"end":{"line":427,"column":null}},"184":{"start":{"line":433,"column":8},"end":{"line":476,"column":null}},"185":{"start":{"line":433,"column":62},"end":{"line":476,"column":10}},"186":{"start":{"line":434,"column":12},"end":{"line":475,"column":null}},"187":{"start":{"line":435,"column":47},"end":{"line":435,"column":81}},"188":{"start":{"line":436,"column":37},"end":{"line":436,"column":71}},"189":{"start":{"line":438,"column":16},"end":{"line":440,"column":null}},"190":{"start":{"line":439,"column":20},"end":{"line":439,"column":null}},"191":{"start":{"line":441,"column":16},"end":{"line":441,"column":null}},"192":{"start":{"line":442,"column":16},"end":{"line":445,"column":null}},"193":{"start":{"line":443,"column":20},"end":{"line":443,"column":null}},"194":{"start":{"line":444,"column":20},"end":{"line":444,"column":26}},"195":{"start":{"line":448,"column":37},"end":{"line":448,"column":42}},"196":{"start":{"line":450,"column":16},"end":{"line":455,"column":null}},"197":{"start":{"line":451,"column":20},"end":{"line":454,"column":null}},"198":{"start":{"line":452,"column":24},"end":{"line":452,"column":null}},"199":{"start":{"line":453,"column":24},"end":{"line":453,"column":null}},"200":{"start":{"line":456,"column":16},"end":{"line":459,"column":null}},"201":{"start":{"line":457,"column":20},"end":{"line":457,"column":null}},"202":{"start":{"line":458,"column":20},"end":{"line":458,"column":26}},"203":{"start":{"line":461,"column":16},"end":{"line":468,"column":null}},"204":{"start":{"line":463,"column":20},"end":{"line":463,"column":null}},"205":{"start":{"line":467,"column":20},"end":{"line":467,"column":null}},"206":{"start":{"line":470,"column":16},"end":{"line":470,"column":null}},"207":{"start":{"line":471,"column":16},"end":{"line":471,"column":null}},"208":{"start":{"line":474,"column":16},"end":{"line":474,"column":null}},"209":{"start":{"line":482,"column":8},"end":{"line":498,"column":null}},"210":{"start":{"line":483,"column":12},"end":{"line":497,"column":null}},"211":{"start":{"line":485,"column":20},"end":{"line":486,"column":null}},"212":{"start":{"line":487,"column":16},"end":{"line":494,"column":null}},"213":{"start":{"line":488,"column":20},"end":{"line":493,"column":null}},"214":{"start":{"line":489,"column":24},"end":{"line":489,"column":null}},"215":{"start":{"line":492,"column":24},"end":{"line":492,"column":null}},"216":{"start":{"line":496,"column":16},"end":{"line":496,"column":null}},"217":{"start":{"line":502,"column":8},"end":{"line":528,"column":null}},"218":{"start":{"line":502,"column":62},"end":{"line":528,"column":10}},"219":{"start":{"line":503,"column":12},"end":{"line":526,"column":null}},"220":{"start":{"line":504,"column":44},"end":{"line":504,"column":78}},"221":{"start":{"line":505,"column":16},"end":{"line":522,"column":null}},"222":{"start":{"line":506,"column":20},"end":{"line":506,"column":null}},"223":{"start":{"line":507,"column":20},"end":{"line":510,"column":38}},"224":{"start":{"line":508,"column":24},"end":{"line":508,"column":null}},"225":{"start":{"line":510,"column":24},"end":{"line":510,"column":38}},"226":{"start":{"line":513,"column":33},"end":{"line":513,"column":87}},"227":{"start":{"line":514,"column":20},"end":{"line":520,"column":null}},"228":{"start":{"line":518,"column":24},"end":{"line":518,"column":null}},"229":{"start":{"line":519,"column":24},"end":{"line":519,"column":null}},"230":{"start":{"line":521,"column":20},"end":{"line":521,"column":null}},"231":{"start":{"line":525,"column":16},"end":{"line":525,"column":null}},"232":{"start":{"line":533,"column":8},"end":{"line":547,"column":null}},"233":{"start":{"line":534,"column":12},"end":{"line":546,"column":null}},"234":{"start":{"line":535,"column":28},"end":{"line":535,"column":55}},"235":{"start":{"line":536,"column":16},"end":{"line":543,"column":null}},"236":{"start":{"line":537,"column":20},"end":{"line":542,"column":null}},"237":{"start":{"line":538,"column":24},"end":{"line":538,"column":null}},"238":{"start":{"line":541,"column":24},"end":{"line":541,"column":null}},"239":{"start":{"line":545,"column":16},"end":{"line":545,"column":null}},"240":{"start":{"line":551,"column":8},"end":{"line":565,"column":null}},"241":{"start":{"line":552,"column":12},"end":{"line":564,"column":null}},"242":{"start":{"line":553,"column":28},"end":{"line":553,"column":46}},"243":{"start":{"line":554,"column":16},"end":{"line":561,"column":null}},"244":{"start":{"line":555,"column":20},"end":{"line":560,"column":null}},"245":{"start":{"line":556,"column":24},"end":{"line":556,"column":null}},"246":{"start":{"line":559,"column":24},"end":{"line":559,"column":null}},"247":{"start":{"line":563,"column":16},"end":{"line":563,"column":null}},"248":{"start":{"line":569,"column":8},"end":{"line":577,"column":null}},"249":{"start":{"line":569,"column":62},"end":{"line":577,"column":10}},"250":{"start":{"line":570,"column":12},"end":{"line":576,"column":null}},"251":{"start":{"line":571,"column":16},"end":{"line":571,"column":null}},"252":{"start":{"line":572,"column":16},"end":{"line":572,"column":null}},"253":{"start":{"line":573,"column":16},"end":{"line":573,"column":null}},"254":{"start":{"line":575,"column":16},"end":{"line":575,"column":null}},"255":{"start":{"line":582,"column":8},"end":{"line":612,"column":null}},"256":{"start":{"line":582,"column":61},"end":{"line":612,"column":10}},"257":{"start":{"line":583,"column":12},"end":{"line":611,"column":null}},"258":{"start":{"line":585,"column":20},"end":{"line":586,"column":null}},"259":{"start":{"line":587,"column":16},"end":{"line":608,"column":null}},"260":{"start":{"line":587,"column":69},"end":{"line":608,"column":18}},"261":{"start":{"line":588,"column":20},"end":{"line":590,"column":null}},"262":{"start":{"line":589,"column":24},"end":{"line":589,"column":null}},"263":{"start":{"line":591,"column":20},"end":{"line":607,"column":null}},"264":{"start":{"line":593,"column":24},"end":{"line":593,"column":null}},"265":{"start":{"line":596,"column":44},"end":{"line":596,"column":46}},"266":{"start":{"line":600,"column":24},"end":{"line":605,"column":null}},"267":{"start":{"line":601,"column":28},"end":{"line":601,"column":78}},"268":{"start":{"line":602,"column":28},"end":{"line":602,"column":null}},"269":{"start":{"line":603,"column":28},"end":{"line":603,"column":null}},"270":{"start":{"line":604,"column":28},"end":{"line":604,"column":null}},"271":{"start":{"line":606,"column":24},"end":{"line":606,"column":null}},"272":{"start":{"line":610,"column":16},"end":{"line":610,"column":null}},"273":{"start":{"line":616,"column":8},"end":{"line":623,"column":null}},"274":{"start":{"line":616,"column":61},"end":{"line":623,"column":10}},"275":{"start":{"line":617,"column":12},"end":{"line":622,"column":null}},"276":{"start":{"line":618,"column":38},"end":{"line":618,"column":65}},"277":{"start":{"line":619,"column":16},"end":{"line":619,"column":null}},"278":{"start":{"line":621,"column":16},"end":{"line":621,"column":null}},"279":{"start":{"line":638,"column":8},"end":{"line":638,"column":null}},"280":{"start":{"line":639,"column":8},"end":{"line":639,"column":null}},"281":{"start":{"line":644,"column":9},"end":{"line":644,"column":30}},"282":{"start":{"line":643,"column":0},"end":{"line":643,"column":null}}},"fnMap":{"0":{"name":"(anonymous_8)","decl":{"start":{"line":15,"column":11},"end":{"line":15,"column":24}},"loc":{"start":{"line":15,"column":69},"end":{"line":41,"column":5}}},"1":{"name":"(anonymous_9)","decl":{"start":{"line":16,"column":34},"end":{"line":16,"column":35}},"loc":{"start":{"line":16,"column":54},"end":{"line":40,"column":9}}},"2":{"name":"(anonymous_10)","decl":{"start":{"line":23,"column":40},"end":{"line":23,"column":41}},"loc":{"start":{"line":23,"column":72},"end":{"line":36,"column":17}}},"3":{"name":"(anonymous_11)","decl":{"start":{"line":44,"column":11},"end":{"line":44,"column":33}},"loc":{"start":{"line":44,"column":70},"end":{"line":73,"column":5}}},"4":{"name":"(anonymous_12)","decl":{"start":{"line":45,"column":33},"end":{"line":45,"column":34}},"loc":{"start":{"line":45,"column":53},"end":{"line":72,"column":9}}},"5":{"name":"(anonymous_13)","decl":{"start":{"line":51,"column":38},"end":{"line":51,"column":39}},"loc":{"start":{"line":51,"column":73},"end":{"line":68,"column":17}}},"6":{"name":"(anonymous_14)","decl":{"start":{"line":77,"column":4},"end":{"line":77,"column":11}},"loc":{"start":{"line":77,"column":28},"end":{"line":93,"column":5}}},"7":{"name":"(anonymous_15)","decl":{"start":{"line":78,"column":33},"end":{"line":78,"column":40}},"loc":{"start":{"line":78,"column":59},"end":{"line":92,"column":10}}},"8":{"name":"(anonymous_16)","decl":{"start":{"line":78,"column":59},"end":{"line":78,"column":null}},"loc":{"start":{"line":78,"column":59},"end":{"line":92,"column":9}}},"9":{"name":"(anonymous_17)","decl":{"start":{"line":96,"column":11},"end":{"line":96,"column":27}},"loc":{"start":{"line":96,"column":41},"end":{"line":120,"column":5}}},"10":{"name":"(anonymous_18)","decl":{"start":{"line":97,"column":45},"end":{"line":97,"column":46}},"loc":{"start":{"line":97,"column":65},"end":{"line":119,"column":9}}},"11":{"name":"(anonymous_19)","decl":{"start":{"line":103,"column":37},"end":{"line":103,"column":38}},"loc":{"start":{"line":103,"column":69},"end":{"line":115,"column":17}}},"12":{"name":"(anonymous_20)","decl":{"start":{"line":129,"column":10},"end":{"line":129,"column":19}},"loc":{"start":{"line":129,"column":51},"end":{"line":200,"column":null}}},"13":{"name":"(anonymous_22)","decl":{"start":{"line":147,"column":59},"end":{"line":147,"column":60}},"loc":{"start":{"line":147,"column":79},"end":{"line":155,"column":17}}},"14":{"name":"(anonymous_23)","decl":{"start":{"line":148,"column":89},"end":{"line":148,"column":99}},"loc":{"start":{"line":148,"column":116},"end":{"line":154,"column":21}}},"15":{"name":"(anonymous_24)","decl":{"start":{"line":167,"column":60},"end":{"line":167,"column":61}},"loc":{"start":{"line":167,"column":80},"end":{"line":175,"column":13}}},"16":{"name":"(anonymous_25)","decl":{"start":{"line":168,"column":63},"end":{"line":168,"column":64}},"loc":{"start":{"line":168,"column":95},"end":{"line":174,"column":17}}},"17":{"name":"(anonymous_26)","decl":{"start":{"line":182,"column":40},"end":{"line":182,"column":41}},"loc":{"start":{"line":182,"column":60},"end":{"line":190,"column":17}}},"18":{"name":"(anonymous_27)","decl":{"start":{"line":183,"column":119},"end":{"line":183,"column":120}},"loc":{"start":{"line":183,"column":141},"end":{"line":189,"column":21}}},"19":{"name":"(anonymous_28)","decl":{"start":{"line":205,"column":11},"end":{"line":205,"column":27}},"loc":{"start":{"line":205,"column":42},"end":{"line":241,"column":5}}},"20":{"name":"(anonymous_29)","decl":{"start":{"line":206,"column":52},"end":{"line":206,"column":53}},"loc":{"start":{"line":206,"column":72},"end":{"line":240,"column":9}}},"21":{"name":"(anonymous_30)","decl":{"start":{"line":212,"column":38},"end":{"line":212,"column":39}},"loc":{"start":{"line":212,"column":73},"end":{"line":236,"column":17}}},"22":{"name":"(anonymous_31)","decl":{"start":{"line":244,"column":11},"end":{"line":244,"column":27}},"loc":{"start":{"line":244,"column":42},"end":{"line":264,"column":5}}},"23":{"name":"(anonymous_32)","decl":{"start":{"line":245,"column":36},"end":{"line":245,"column":37}},"loc":{"start":{"line":245,"column":56},"end":{"line":263,"column":9}}},"24":{"name":"(anonymous_33)","decl":{"start":{"line":252,"column":45},"end":{"line":252,"column":46}},"loc":{"start":{"line":252,"column":67},"end":{"line":259,"column":17}}},"25":{"name":"(anonymous_34)","decl":{"start":{"line":267,"column":11},"end":{"line":267,"column":40}},"loc":{"start":{"line":267,"column":68},"end":{"line":287,"column":5}}},"26":{"name":"(anonymous_35)","decl":{"start":{"line":268,"column":36},"end":{"line":268,"column":43}},"loc":{"start":{"line":268,"column":62},"end":{"line":286,"column":10}}},"27":{"name":"(anonymous_36)","decl":{"start":{"line":268,"column":62},"end":{"line":268,"column":null}},"loc":{"start":{"line":268,"column":62},"end":{"line":286,"column":9}}},"28":{"name":"(anonymous_37)","decl":{"start":{"line":274,"column":43},"end":{"line":274,"column":44}},"loc":{"start":{"line":274,"column":65},"end":{"line":281,"column":17}}},"29":{"name":"(anonymous_38)","decl":{"start":{"line":289,"column":4},"end":{"line":289,"column":16}},"loc":{"start":{"line":289,"column":33},"end":{"line":309,"column":5}}},"30":{"name":"(anonymous_39)","decl":{"start":{"line":290,"column":36},"end":{"line":290,"column":43}},"loc":{"start":{"line":290,"column":62},"end":{"line":308,"column":10}}},"31":{"name":"(anonymous_40)","decl":{"start":{"line":290,"column":62},"end":{"line":290,"column":null}},"loc":{"start":{"line":290,"column":62},"end":{"line":308,"column":9}}},"32":{"name":"(anonymous_41)","decl":{"start":{"line":312,"column":11},"end":{"line":312,"column":29}},"loc":{"start":{"line":312,"column":46},"end":{"line":341,"column":5}}},"33":{"name":"(anonymous_42)","decl":{"start":{"line":313,"column":34},"end":{"line":313,"column":35}},"loc":{"start":{"line":313,"column":54},"end":{"line":340,"column":9}}},"34":{"name":"(anonymous_43)","decl":{"start":{"line":319,"column":40},"end":{"line":319,"column":41}},"loc":{"start":{"line":319,"column":75},"end":{"line":336,"column":17}}},"35":{"name":"(anonymous_44)","decl":{"start":{"line":343,"column":4},"end":{"line":343,"column":20}},"loc":{"start":{"line":343,"column":37},"end":{"line":363,"column":5}}},"36":{"name":"(anonymous_45)","decl":{"start":{"line":344,"column":35},"end":{"line":344,"column":42}},"loc":{"start":{"line":344,"column":61},"end":{"line":362,"column":10}}},"37":{"name":"(anonymous_46)","decl":{"start":{"line":344,"column":61},"end":{"line":344,"column":null}},"loc":{"start":{"line":344,"column":61},"end":{"line":362,"column":9}}},"38":{"name":"(anonymous_47)","decl":{"start":{"line":367,"column":11},"end":{"line":367,"column":41}},"loc":{"start":{"line":367,"column":93},"end":{"line":387,"column":5}}},"39":{"name":"(anonymous_48)","decl":{"start":{"line":368,"column":36},"end":{"line":368,"column":37}},"loc":{"start":{"line":368,"column":56},"end":{"line":386,"column":9}}},"40":{"name":"(anonymous_49)","decl":{"start":{"line":375,"column":57},"end":{"line":375,"column":58}},"loc":{"start":{"line":375,"column":79},"end":{"line":382,"column":17}}},"41":{"name":"(anonymous_50)","decl":{"start":{"line":390,"column":11},"end":{"line":390,"column":45}},"loc":{"start":{"line":390,"column":75},"end":{"line":408,"column":5}}},"42":{"name":"(anonymous_51)","decl":{"start":{"line":391,"column":36},"end":{"line":391,"column":37}},"loc":{"start":{"line":391,"column":56},"end":{"line":407,"column":9}}},"43":{"name":"(anonymous_52)","decl":{"start":{"line":396,"column":45},"end":{"line":396,"column":46}},"loc":{"start":{"line":396,"column":67},"end":{"line":403,"column":17}}},"44":{"name":"(anonymous_53)","decl":{"start":{"line":411,"column":11},"end":{"line":411,"column":30}},"loc":{"start":{"line":411,"column":61},"end":{"line":430,"column":5}}},"45":{"name":"(anonymous_54)","decl":{"start":{"line":412,"column":36},"end":{"line":412,"column":37}},"loc":{"start":{"line":412,"column":56},"end":{"line":429,"column":9}}},"46":{"name":"(anonymous_55)","decl":{"start":{"line":418,"column":46},"end":{"line":418,"column":47}},"loc":{"start":{"line":418,"column":68},"end":{"line":425,"column":17}}},"47":{"name":"(anonymous_56)","decl":{"start":{"line":432,"column":4},"end":{"line":432,"column":25}},"loc":{"start":{"line":432,"column":57},"end":{"line":477,"column":5}}},"48":{"name":"(anonymous_57)","decl":{"start":{"line":433,"column":36},"end":{"line":433,"column":43}},"loc":{"start":{"line":433,"column":62},"end":{"line":476,"column":10}}},"49":{"name":"(anonymous_58)","decl":{"start":{"line":433,"column":62},"end":{"line":433,"column":null}},"loc":{"start":{"line":433,"column":62},"end":{"line":476,"column":9}}},"50":{"name":"(anonymous_59)","decl":{"start":{"line":481,"column":11},"end":{"line":481,"column":48}},"loc":{"start":{"line":481,"column":63},"end":{"line":499,"column":5}}},"51":{"name":"(anonymous_60)","decl":{"start":{"line":482,"column":36},"end":{"line":482,"column":37}},"loc":{"start":{"line":482,"column":56},"end":{"line":498,"column":9}}},"52":{"name":"(anonymous_61)","decl":{"start":{"line":487,"column":38},"end":{"line":487,"column":39}},"loc":{"start":{"line":487,"column":60},"end":{"line":494,"column":17}}},"53":{"name":"(anonymous_62)","decl":{"start":{"line":501,"column":4},"end":{"line":501,"column":13}},"loc":{"start":{"line":501,"column":30},"end":{"line":529,"column":5}}},"54":{"name":"(anonymous_63)","decl":{"start":{"line":502,"column":36},"end":{"line":502,"column":43}},"loc":{"start":{"line":502,"column":62},"end":{"line":528,"column":10}}},"55":{"name":"(anonymous_64)","decl":{"start":{"line":502,"column":62},"end":{"line":502,"column":null}},"loc":{"start":{"line":502,"column":62},"end":{"line":528,"column":9}}},"56":{"name":"(anonymous_65)","decl":{"start":{"line":532,"column":11},"end":{"line":532,"column":54}},"loc":{"start":{"line":532,"column":54},"end":{"line":548,"column":5}}},"57":{"name":"(anonymous_66)","decl":{"start":{"line":533,"column":36},"end":{"line":533,"column":37}},"loc":{"start":{"line":533,"column":56},"end":{"line":547,"column":9}}},"58":{"name":"(anonymous_67)","decl":{"start":{"line":536,"column":28},"end":{"line":536,"column":29}},"loc":{"start":{"line":536,"column":50},"end":{"line":543,"column":17}}},"59":{"name":"(anonymous_68)","decl":{"start":{"line":550,"column":11},"end":{"line":550,"column":29}},"loc":{"start":{"line":550,"column":29},"end":{"line":566,"column":5}}},"60":{"name":"(anonymous_69)","decl":{"start":{"line":551,"column":36},"end":{"line":551,"column":37}},"loc":{"start":{"line":551,"column":56},"end":{"line":565,"column":9}}},"61":{"name":"(anonymous_70)","decl":{"start":{"line":554,"column":28},"end":{"line":554,"column":29}},"loc":{"start":{"line":554,"column":50},"end":{"line":561,"column":17}}},"62":{"name":"(anonymous_71)","decl":{"start":{"line":568,"column":4},"end":{"line":568,"column":18}},"loc":{"start":{"line":568,"column":18},"end":{"line":578,"column":5}}},"63":{"name":"(anonymous_72)","decl":{"start":{"line":569,"column":36},"end":{"line":569,"column":43}},"loc":{"start":{"line":569,"column":62},"end":{"line":577,"column":10}}},"64":{"name":"(anonymous_73)","decl":{"start":{"line":569,"column":62},"end":{"line":569,"column":null}},"loc":{"start":{"line":569,"column":62},"end":{"line":577,"column":9}}},"65":{"name":"(anonymous_74)","decl":{"start":{"line":581,"column":11},"end":{"line":581,"column":25}},"loc":{"start":{"line":581,"column":25},"end":{"line":613,"column":5}}},"66":{"name":"(anonymous_75)","decl":{"start":{"line":582,"column":35},"end":{"line":582,"column":42}},"loc":{"start":{"line":582,"column":61},"end":{"line":612,"column":10}}},"67":{"name":"(anonymous_76)","decl":{"start":{"line":582,"column":61},"end":{"line":582,"column":null}},"loc":{"start":{"line":582,"column":61},"end":{"line":612,"column":9}}},"68":{"name":"(anonymous_77)","decl":{"start":{"line":587,"column":28},"end":{"line":587,"column":35}},"loc":{"start":{"line":587,"column":69},"end":{"line":608,"column":18}}},"69":{"name":"(anonymous_78)","decl":{"start":{"line":587,"column":69},"end":{"line":587,"column":null}},"loc":{"start":{"line":587,"column":69},"end":{"line":608,"column":17}}},"70":{"name":"(anonymous_79)","decl":{"start":{"line":615,"column":4},"end":{"line":615,"column":15}},"loc":{"start":{"line":615,"column":15},"end":{"line":624,"column":5}}},"71":{"name":"(anonymous_80)","decl":{"start":{"line":616,"column":35},"end":{"line":616,"column":42}},"loc":{"start":{"line":616,"column":61},"end":{"line":623,"column":10}}},"72":{"name":"(anonymous_81)","decl":{"start":{"line":616,"column":61},"end":{"line":616,"column":null}},"loc":{"start":{"line":616,"column":61},"end":{"line":623,"column":9}}},"73":{"name":"(anonymous_82)","decl":{"start":{"line":637,"column":4},"end":{"line":637,"column":16}},"loc":{"start":{"line":637,"column":47},"end":{"line":640,"column":5}}}},"branchMap":{"0":{"loc":{"start":{"line":15,"column":43},"end":{"line":15,"column":69}},"type":"default-arg","locations":[{"start":{"line":15,"column":65},"end":{"line":15,"column":69}}]},"1":{"loc":{"start":{"line":22,"column":16},"end":{"line":22,"column":55}},"type":"if","locations":[{"start":{"line":22,"column":16},"end":{"line":22,"column":55}}]},"2":{"loc":{"start":{"line":24,"column":20},"end":{"line":35,"column":null}},"type":"if","locations":[{"start":{"line":24,"column":20},"end":{"line":35,"column":null}},{"start":{"line":27,"column":25},"end":{"line":35,"column":null}}]},"3":{"loc":{"start":{"line":27,"column":25},"end":{"line":35,"column":null}},"type":"if","locations":[{"start":{"line":27,"column":25},"end":{"line":35,"column":null}},{"start":{"line":31,"column":25},"end":{"line":35,"column":null}}]},"4":{"loc":{"start":{"line":52,"column":20},"end":{"line":67,"column":null}},"type":"if","locations":[{"start":{"line":52,"column":20},"end":{"line":67,"column":null}},{"start":{"line":55,"column":25},"end":{"line":67,"column":null}}]},"5":{"loc":{"start":{"line":55,"column":25},"end":{"line":67,"column":null}},"type":"if","locations":[{"start":{"line":55,"column":25},"end":{"line":67,"column":null}},{"start":{"line":59,"column":25},"end":{"line":67,"column":null}}]},"6":{"loc":{"start":{"line":82,"column":16},"end":{"line":88,"column":null}},"type":"if","locations":[{"start":{"line":82,"column":16},"end":{"line":88,"column":null}},{"start":{"line":85,"column":21},"end":{"line":88,"column":null}}]},"7":{"loc":{"start":{"line":104,"column":20},"end":{"line":114,"column":null}},"type":"if","locations":[{"start":{"line":104,"column":20},"end":{"line":114,"column":null}},{"start":{"line":107,"column":25},"end":{"line":114,"column":null}}]},"8":{"loc":{"start":{"line":107,"column":25},"end":{"line":114,"column":null}},"type":"if","locations":[{"start":{"line":107,"column":25},"end":{"line":114,"column":null}},{"start":{"line":111,"column":25},"end":{"line":114,"column":null}}]},"9":{"loc":{"start":{"line":135,"column":12},"end":{"line":137,"column":null}},"type":"if","locations":[{"start":{"line":135,"column":12},"end":{"line":137,"column":null}}]},"10":{"loc":{"start":{"line":142,"column":12},"end":{"line":160,"column":null}},"type":"if","locations":[{"start":{"line":142,"column":12},"end":{"line":160,"column":null}},{"start":{"line":157,"column":19},"end":{"line":160,"column":null}}]},"11":{"loc":{"start":{"line":149,"column":24},"end":{"line":153,"column":null}},"type":"if","locations":[{"start":{"line":149,"column":24},"end":{"line":153,"column":null}},{"start":{"line":151,"column":31},"end":{"line":153,"column":null}}]},"12":{"loc":{"start":{"line":152,"column":36},"end":{"line":152,"column":53}},"type":"binary-expr","locations":[{"start":{"line":152,"column":36},"end":{"line":152,"column":48}},{"start":{"line":152,"column":52},"end":{"line":152,"column":53}}]},"13":{"loc":{"start":{"line":152,"column":36},"end":{"line":152,"column":48}},"type":"cond-expr","locations":[{"start":{"line":152,"column":40},"end":{"line":152,"column":42}},{"start":{"line":152,"column":36},"end":{"line":152,"column":48}}]},"14":{"loc":{"start":{"line":152,"column":36},"end":{"line":152,"column":42}},"type":"binary-expr","locations":[{"start":{"line":152,"column":36},"end":{"line":152,"column":42}},{"start":{"line":152,"column":36},"end":{"line":152,"column":42}}]},"15":{"loc":{"start":{"line":169,"column":20},"end":{"line":173,"column":null}},"type":"if","locations":[{"start":{"line":169,"column":20},"end":{"line":173,"column":null}},{"start":{"line":171,"column":27},"end":{"line":173,"column":null}}]},"16":{"loc":{"start":{"line":177,"column":12},"end":{"line":194,"column":null}},"type":"if","locations":[{"start":{"line":177,"column":12},"end":{"line":194,"column":null}},{"start":{"line":191,"column":19},"end":{"line":194,"column":null}}]},"17":{"loc":{"start":{"line":184,"column":24},"end":{"line":188,"column":null}},"type":"if","locations":[{"start":{"line":184,"column":24},"end":{"line":188,"column":null}},{"start":{"line":186,"column":31},"end":{"line":188,"column":null}}]},"18":{"loc":{"start":{"line":213,"column":20},"end":{"line":235,"column":null}},"type":"if","locations":[{"start":{"line":213,"column":20},"end":{"line":235,"column":null}},{"start":{"line":216,"column":25},"end":{"line":235,"column":null}}]},"19":{"loc":{"start":{"line":216,"column":25},"end":{"line":235,"column":null}},"type":"if","locations":[{"start":{"line":216,"column":25},"end":{"line":235,"column":null}},{"start":{"line":220,"column":25},"end":{"line":235,"column":null}}]},"20":{"loc":{"start":{"line":224,"column":28},"end":{"line":227,"column":null}},"type":"if","locations":[{"start":{"line":224,"column":28},"end":{"line":227,"column":null}}]},"21":{"loc":{"start":{"line":228,"column":28},"end":{"line":231,"column":null}},"type":"if","locations":[{"start":{"line":228,"column":28},"end":{"line":231,"column":null}}]},"22":{"loc":{"start":{"line":253,"column":20},"end":{"line":258,"column":null}},"type":"if","locations":[{"start":{"line":253,"column":20},"end":{"line":258,"column":null}},{"start":{"line":256,"column":25},"end":{"line":258,"column":null}}]},"23":{"loc":{"start":{"line":275,"column":20},"end":{"line":280,"column":null}},"type":"if","locations":[{"start":{"line":275,"column":20},"end":{"line":280,"column":null}},{"start":{"line":278,"column":25},"end":{"line":280,"column":null}}]},"24":{"loc":{"start":{"line":294,"column":16},"end":{"line":304,"column":null}},"type":"if","locations":[{"start":{"line":294,"column":16},"end":{"line":304,"column":null}},{"start":{"line":297,"column":21},"end":{"line":304,"column":null}}]},"25":{"loc":{"start":{"line":320,"column":20},"end":{"line":335,"column":null}},"type":"if","locations":[{"start":{"line":320,"column":20},"end":{"line":335,"column":null}},{"start":{"line":323,"column":25},"end":{"line":335,"column":null}}]},"26":{"loc":{"start":{"line":323,"column":25},"end":{"line":335,"column":null}},"type":"if","locations":[{"start":{"line":323,"column":25},"end":{"line":335,"column":null}},{"start":{"line":327,"column":25},"end":{"line":335,"column":null}}]},"27":{"loc":{"start":{"line":348,"column":16},"end":{"line":358,"column":null}},"type":"if","locations":[{"start":{"line":348,"column":16},"end":{"line":358,"column":null}},{"start":{"line":351,"column":21},"end":{"line":358,"column":null}}]},"28":{"loc":{"start":{"line":370,"column":43},"end":{"line":370,"column":63}},"type":"cond-expr","locations":[{"start":{"line":370,"column":57},"end":{"line":370,"column":58}},{"start":{"line":370,"column":61},"end":{"line":370,"column":63}}]},"29":{"loc":{"start":{"line":376,"column":20},"end":{"line":381,"column":null}},"type":"if","locations":[{"start":{"line":376,"column":20},"end":{"line":381,"column":null}},{"start":{"line":379,"column":25},"end":{"line":381,"column":null}}]},"30":{"loc":{"start":{"line":397,"column":20},"end":{"line":402,"column":null}},"type":"if","locations":[{"start":{"line":397,"column":20},"end":{"line":402,"column":null}},{"start":{"line":400,"column":25},"end":{"line":402,"column":null}}]},"31":{"loc":{"start":{"line":419,"column":20},"end":{"line":424,"column":null}},"type":"if","locations":[{"start":{"line":419,"column":20},"end":{"line":424,"column":null}},{"start":{"line":422,"column":25},"end":{"line":424,"column":null}}]},"32":{"loc":{"start":{"line":438,"column":16},"end":{"line":440,"column":null}},"type":"if","locations":[{"start":{"line":438,"column":16},"end":{"line":440,"column":null}}]},"33":{"loc":{"start":{"line":442,"column":16},"end":{"line":445,"column":null}},"type":"if","locations":[{"start":{"line":442,"column":16},"end":{"line":445,"column":null}}]},"34":{"loc":{"start":{"line":451,"column":20},"end":{"line":454,"column":null}},"type":"if","locations":[{"start":{"line":451,"column":20},"end":{"line":454,"column":null}}]},"35":{"loc":{"start":{"line":456,"column":16},"end":{"line":459,"column":null}},"type":"if","locations":[{"start":{"line":456,"column":16},"end":{"line":459,"column":null}}]},"36":{"loc":{"start":{"line":461,"column":16},"end":{"line":468,"column":null}},"type":"if","locations":[{"start":{"line":461,"column":16},"end":{"line":468,"column":null}},{"start":{"line":465,"column":21},"end":{"line":468,"column":null}}]},"37":{"loc":{"start":{"line":488,"column":20},"end":{"line":493,"column":null}},"type":"if","locations":[{"start":{"line":488,"column":20},"end":{"line":493,"column":null}},{"start":{"line":491,"column":25},"end":{"line":493,"column":null}}]},"38":{"loc":{"start":{"line":505,"column":16},"end":{"line":522,"column":null}},"type":"if","locations":[{"start":{"line":505,"column":16},"end":{"line":522,"column":null}},{"start":{"line":512,"column":21},"end":{"line":522,"column":null}}]},"39":{"loc":{"start":{"line":507,"column":20},"end":{"line":510,"column":38}},"type":"if","locations":[{"start":{"line":507,"column":20},"end":{"line":510,"column":38}},{"start":{"line":510,"column":24},"end":{"line":510,"column":38}}]},"40":{"loc":{"start":{"line":514,"column":20},"end":{"line":520,"column":null}},"type":"if","locations":[{"start":{"line":514,"column":20},"end":{"line":520,"column":null}},{"start":{"line":517,"column":25},"end":{"line":520,"column":null}}]},"41":{"loc":{"start":{"line":537,"column":20},"end":{"line":542,"column":null}},"type":"if","locations":[{"start":{"line":537,"column":20},"end":{"line":542,"column":null}},{"start":{"line":540,"column":25},"end":{"line":542,"column":null}}]},"42":{"loc":{"start":{"line":555,"column":20},"end":{"line":560,"column":null}},"type":"if","locations":[{"start":{"line":555,"column":20},"end":{"line":560,"column":null}},{"start":{"line":558,"column":25},"end":{"line":560,"column":null}}]},"43":{"loc":{"start":{"line":588,"column":20},"end":{"line":590,"column":null}},"type":"if","locations":[{"start":{"line":588,"column":20},"end":{"line":590,"column":null}}]},"44":{"loc":{"start":{"line":591,"column":20},"end":{"line":607,"column":null}},"type":"if","locations":[{"start":{"line":591,"column":20},"end":{"line":607,"column":null}},{"start":{"line":595,"column":25},"end":{"line":607,"column":null}}]},"45":{"loc":{"start":{"line":602,"column":70},"end":{"line":602,"column":93}},"type":"cond-expr","locations":[{"start":{"line":602,"column":81},"end":{"line":602,"column":85}},{"start":{"line":602,"column":88},"end":{"line":602,"column":93}}]}},"s":{"0":1,"1":1,"2":1,"3":1,"4":1,"5":1,"6":1,"7":1,"8":0,"9":0,"10":0,"11":0,"12":0,"13":0,"14":0,"15":0,"16":0,"17":0,"18":0,"19":0,"20":0,"21":0,"22":0,"23":0,"24":0,"25":0,"26":0,"27":0,"28":0,"29":0,"30":0,"31":0,"32":0,"33":0,"34":0,"35":0,"36":0,"37":0,"38":0,"39":0,"40":0,"41":0,"42":0,"43":0,"44":0,"45":0,"46":0,"47":0,"48":0,"49":0,"50":0,"51":0,"52":0,"53":0,"54":0,"55":0,"56":0,"57":0,"58":0,"59":0,"60":0,"61":0,"62":0,"63":0,"64":0,"65":0,"66":0,"67":0,"68":0,"69":0,"70":0,"71":0,"72":0,"73":0,"74":0,"75":0,"76":0,"77":0,"78":0,"79":0,"80":0,"81":0,"82":0,"83":0,"84":0,"85":0,"86":0,"87":0,"88":0,"89":0,"90":0,"91":0,"92":0,"93":0,"94":0,"95":0,"96":0,"97":0,"98":0,"99":0,"100":0,"101":0,"102":0,"103":0,"104":0,"105":0,"106":0,"107":0,"108":0,"109":0,"110":0,"111":0,"112":0,"113":0,"114":0,"115":0,"116":0,"117":0,"118":0,"119":0,"120":0,"121":0,"122":0,"123":0,"124":0,"125":0,"126":0,"127":0,"128":0,"129":0,"130":0,"131":0,"132":0,"133":0,"134":0,"135":0,"136":0,"137":0,"138":0,"139":0,"140":0,"141":0,"142":0,"143":0,"144":0,"145":0,"146":0,"147":0,"148":0,"149":0,"150":0,"151":0,"152":0,"153":0,"154":0,"155":0,"156":0,"157":0,"158":0,"159":0,"160":0,"161":0,"162":0,"163":0,"164":0,"165":0,"166":0,"167":0,"168":0,"169":0,"170":0,"171":0,"172":0,"173":0,"174":0,"175":0,"176":0,"177":0,"178":0,"179":0,"180":0,"181":0,"182":0,"183":0,"184":0,"185":0,"186":0,"187":0,"188":0,"189":0,"190":0,"191":0,"192":0,"193":0,"194":0,"195":0,"196":0,"197":0,"198":0,"199":0,"200":0,"201":0,"202":0,"203":0,"204":0,"205":0,"206":0,"207":0,"208":0,"209":0,"210":0,"211":0,"212":0,"213":0,"214":0,"215":0,"216":0,"217":0,"218":0,"219":0,"220":0,"221":0,"222":0,"223":0,"224":0,"225":0,"226":0,"227":0,"228":0,"229":0,"230":0,"231":0,"232":0,"233":0,"234":0,"235":0,"236":0,"237":0,"238":0,"239":0,"240":0,"241":0,"242":0,"243":0,"244":0,"245":0,"246":0,"247":0,"248":0,"249":0,"250":0,"251":0,"252":0,"253":0,"254":0,"255":0,"256":0,"257":0,"258":0,"259":0,"260":0,"261":0,"262":0,"263":0,"264":0,"265":0,"266":0,"267":0,"268":0,"269":0,"270":0,"271":0,"272":0,"273":0,"274":0,"275":0,"276":0,"277":0,"278":0,"279":0,"280":0,"281":1,"282":1},"f":{"0":0,"1":0,"2":0,"3":0,"4":0,"5":0,"6":0,"7":0,"8":0,"9":0,"10":0,"11":0,"12":0,"13":0,"14":0,"15":0,"16":0,"17":0,"18":0,"19":0,"20":0,"21":0,"22":0,"23":0,"24":0,"25":0,"26":0,"27":0,"28":0,"29":0,"30":0,"31":0,"32":0,"33":0,"34":0,"35":0,"36":0,"37":0,"38":0,"39":0,"40":0,"41":0
[...]
lito/Primo Anno Magistrale/Ingegneria del Software/ezelectronics/code/server/src/routers/reviewRoutes.ts": {"path":"/Users/pierpaolobene/Documents/Polito/Primo Anno Magistrale/Ingegneria del Software/ezelectronics/code/server/src/routers/reviewRoutes.ts","statementMap":{"0":{"start":{"line":1,"column":0},"end":{"line":1,"column":41}},"1":{"start":{"line":2,"column":0},"end":{"line":2,"column":36}},"2":{"start":{"line":3,"column":0},"end":{"line":3,"column":54}},"3":{"start":{"line":4,"column":0},"end":{"line":4,"column":62}},"4":{"start":{"line":15,"column":8},"end":{"line":15,"column":null}},"5":{"start":{"line":16,"column":8},"end":{"line":16,"column":null}},"6":{"start":{"line":17,"column":8},"end":{"line":17,"column":null}},"7":{"start":{"line":18,"column":8},"end":{"line":18,"column":null}},"8":{"start":{"line":19,"column":8},"end":{"line":19,"column":null}},"9":{"start":{"line":23,"column":8},"end":{"line":23,"column":null}},"10":{"start":{"line":37,"column":8},"end":{"line":49,"column":null}},"11":{"start":{"line":44,"column":47},"end":{"line":48,"column":18}},"12":{"start":{"line":45,"column":28},"end":{"line":45,"column":50}},"13":{"start":{"line":47,"column":20},"end":{"line":47,"column":null}},"14":{"start":{"line":57,"column":8},"end":{"line":65,"column":null}},"15":{"start":{"line":62,"column":47},"end":{"line":64,"column":49}},"16":{"start":{"line":63,"column":59},"end":{"line":63,"column":88}},"17":{"start":{"line":64,"column":39},"end":{"line":64,"column":48}},"18":{"start":{"line":74,"column":8},"end":{"line":84,"column":null}},"19":{"start":{"line":79,"column":47},"end":{"line":83,"column":18}},"20":{"start":{"line":80,"column":28},"end":{"line":80,"column":50}},"21":{"start":{"line":82,"column":20},"end":{"line":82,"column":null}},"22":{"start":{"line":92,"column":8},"end":{"line":100,"column":null}},"23":{"start":{"line":97,"column":47},"end":{"line":99,"column":49}},"24":{"start":{"line":98,"column":28},"end":{"line":98,"column":50}},"25":{"start":{"line":99,"column":39},"end":{"line":99,"column":48}},"26":{"start":{"line":107,"column":8},"end":{"line":113,"column":null}},"27":{"start":{"line":110,"column":47},"end":{"line":112,"column":49}},"28":{"start":{"line":111,"column":28},"end":{"line":111,"column":50}},"29":{"start":{"line":112,"column":39},"end":{"line":112,"column":48}},"30":{"start":{"line":117,"column":0},"end":{"line":117,"column":28}}},"fnMap":{"0":{"name":"(anonymous_1)","decl":{"start":{"line":14,"column":4},"end":{"line":14,"column":16}},"loc":{"start":{"line":14,"column":44},"end":{"line":20,"column":5}}},"1":{"name":"(anonymous_2)","decl":{"start":{"line":22,"column":4},"end":{"line":22,"column":13}},"loc":{"start":{"line":22,"column":13},"end":{"line":24,"column":5}}},"2":{"name":"(anonymous_3)","decl":{"start":{"line":26,"column":4},"end":{"line":26,"column":14}},"loc":{"start":{"line":26,"column":14},"end":{"line":114,"column":5}}},"3":{"name":"(anonymous_4)","decl":{"start":{"line":44,"column":12},"end":{"line":44,"column":13}},"loc":{"start":{"line":44,"column":47},"end":{"line":48,"column":18}}},"4":{"name":"(anonymous_5)","decl":{"start":{"line":45,"column":22},"end":{"line":45,"column":25}},"loc":{"start":{"line":45,"column":28},"end":{"line":45,"column":50}}},"5":{"name":"(anonymous_6)","decl":{"start":{"line":46,"column":23},"end":{"line":46,"column":24}},"loc":{"start":{"line":46,"column":38},"end":{"line":48,"column":17}}},"6":{"name":"(anonymous_7)","decl":{"start":{"line":62,"column":12},"end":{"line":62,"column":13}},"loc":{"start":{"line":62,"column":47},"end":{"line":64,"column":49}}},"7":{"name":"(anonymous_8)","decl":{"start":{"line":63,"column":22},"end":{"line":63,"column":23}},"loc":{"start":{"line":63,"column":59},"end":{"line":63,"column":88}}},"8":{"name":"(anonymous_9)","decl":{"start":{"line":64,"column":23},"end":{"line":64,"column":24}},"loc":{"start":{"line":64,"column":39},"end":{"line":64,"column":48}}},"9":{"name":"(anonymous_10)","decl":{"start":{"line":79,"column":12},"end":{"line":79,"column":13}},"loc":{"start":{"line":79,"column":47},"end":{"line":83,"column":18}}},"10":{"name":"(anonymous_11)","decl":{"start":{"line":80,"column":22},"end":{"line":80,"column":25}},"loc":{"start":{"line":80,"column":28},"end":{"line":80,"column":50}}},"11":{"name":"(anonymous_12)","decl":{"start":{"line":81,"column":23},"end":{"line":81,"column":24}},"loc":{"start":{"line":81,"column":38},"end":{"line":83,"column":17}}},"12":{"name":"(anonymous_13)","decl":{"start":{"line":97,"column":12},"end":{"line":97,"column":13}},"loc":{"start":{"line":97,"column":47},"end":{"line":99,"column":49}}},"13":{"name":"(anonymous_14)","decl":{"start":{"line":98,"column":22},"end":{"line":98,"column":25}},"loc":{"start":{"line":98,"column":28},"end":{"line":98,"column":50}}},"14":{"name":"(anonymous_15)","decl":{"start":{"line":99,"column":23},"end":{"line":99,"column":24}},"loc":{"start":{"line":99,"column":39},"end":{"line":99,"column":48}}},"15":{"name":"(anonymous_16)","decl":{"start":{"line":110,"column":12},"end":{"line":110,"column":13}},"loc":{"start":{"line":110,"column":47},"end":{"line":112,"column":49}}},"16":{"name":"(anonymous_17)","decl":{"start":{"line":111,"column":22},"end":{"line":111,"column":25}},"loc":{"start":{"line":111,"column":28},"end":{"line":111,"column":50}}},"17":{"name":"(anonymous_18)","decl":{"start":{"line":112,"column":23},"end":{"line":112,"column":24}},"loc":{"start":{"line":112,"column":39},"end":{"line":112,"column":48}}}},"branchMap":{},"s":{"0":1,"1":1,"2":1,"3":1,"4":1,"5":1,"6":1,"7":1,"8":1,"9":1,"10":1,"11":0,"12":0,"13":0,"14":1,"15":0,"16":0,"17":0,"18":1,"19":0,"20":0,"21":0,"22":1,"23":0,"24":0,"25":0,"26":1,"27":0,"28":0,"29":0,"30":1},"f":{"0":1,"1":1,"2":1,"3":0,"4":0,"5":0,"6":0,"7":0,"8":0,"9":0,"10":0,"11":0,"12":0,"13":0,"14":0,"15":0,"16":0,"17":0},"b":{}}
,"/Users/pierpaolobene/Documents/Polito/Primo Anno Magistrale/Ingegneria del Software/ezelectronics/code/server/src/routers/userRoutes.ts": {"path":"/Users/pierpaolobene/Documents/Polito/Primo Anno Magistrale/Ingegneria del Software/ezelectronics/code/server/src/routers/userRoutes.ts","statementMap":{"0":{"start":{"line":1,"column":0},"end":{"line":1,"column":50}},"1":{"start":{"line":3,"column":0},"end":{"line":3,"column":47}},"2":{"start":{"line":5,"column":0},"end":{"line":5,"column":36}},"3":{"start":{"line":6,"column":0},"end":{"line":6,"column":58}},"4":{"start":{"line":8,"column":0},"end":{"line":8,"column":93}},"5":{"start":{"line":24,"column":8},"end":{"line":24,"column":null}},"6":{"start":{"line":25,"column":8},"end":{"line":25,"column":null}},"7":{"start":{"line":26,"column":8},"end":{"line":26,"column":null}},"8":{"start":{"line":27,"column":8},"end":{"line":27,"column":null}},"9":{"start":{"line":28,"column":8},"end":{"line":28,"column":null}},"10":{"start":{"line":36,"column":8},"end":{"line":36,"column":null}},"11":{"start":{"line":59,"column":8},"end":{"line":80,"column":12}},"12":{"start":{"line":68,"column":14},"end":{"line":79,"column":18}},"13":{"start":{"line":76,"column":28},"end":{"line":76,"column":49}},"14":{"start":{"line":78,"column":18},"end":{"line":78,"column":28}},"15":{"start":{"line":87,"column":8},"end":{"line":94,"column":null}},"16":{"start":{"line":91,"column":47},"end":{"line":93,"column":38}},"17":{"start":{"line":92,"column":48},"end":{"line":92,"column":75}},"18":{"start":{"line":93,"column":28},"end":{"line":93,"column":37}},"19":{"start":{"line":102,"column":8},"end":{"line":113,"column":null}},"20":{"start":{"line":108,"column":47},"end":{"line":112,"column":42}},"21":{"start":{"line":110,"column":20},"end":{"line":110,"column":null}},"22":{"start":{"line":112,"column":32},"end":{"line":112,"column":41}},"23":{"start":{"line":121,"column":8},"end":{"line":132,"column":null}},"24":{"start":{"line":127,"column":20},"end":{"line":129,"column":null}},"25":{"start":{"line":128,"column":52},"end":{"line":128,"column":78}},"26":{"start":{"line":129,"column":36},"end":{"line":129,"column":45}},"27":{"start":{"line":140,"column":8},"end":{"line":159,"column":null}},"28":{"start":{"line":146,"column":16},"end":{"line":156,"column":null}},"29":{"start":{"line":148,"column":20},"end":{"line":150,"column":null}},"30":{"start":{"line":149,"column":24},"end":{"line":149,"column":null}},"31":{"start":{"line":151,"column":20},"end":{"line":153,"column":null}},"32":{"start":{"line":152,"column":32},"end":{"line":152,"column":53}},"33":{"start":{"line":153,"column":41},"end":{"line":153,"column":50}},"34":{"start":{"line":156,"column":32},"end":{"line":156,"column":41}},"35":{"start":{"line":166,"column":8},"end":{"line":173,"column":null}},"36":{"start":{"line":170,"column":47},"end":{"line":172,"column":47}},"37":{"start":{"line":171,"column":28},"end":{"line":171,"column":49}},"38":{"start":{"line":172,"column":37},"end":{"line":172,"column":46}},"39":{"start":{"line":186,"column":8},"end":{"line":213,"column":null}},"40":{"start":{"line":196,"column":16},"end":{"line":211,"column":null}},"41":{"start":{"line":198,"column":20},"end":{"line":200,"column":null}},"42":{"start":{"line":199,"column":24},"end":{"line":199,"column":null}},"43":{"start":{"line":201,"column":20},"end":{"line":203,"column":null}},"44":{"start":{"line":202,"column":24},"end":{"line":202,"column":null}},"45":{"start":{"line":204,"column":20},"end":{"line":206,"column":null}},"46":{"start":{"line":205,"column":24},"end":{"line":205,"column":null}},"47":{"start":{"line":207,"column":20},"end":{"line":209,"column":null}},"48":{"start":{"line":208,"column":52},"end":{"line":208,"column":78}},"49":{"start":{"line":209,"column":41},"end":{"line":209,"column":50}},"50":{"start":{"line":211,"column":32},"end":{"line":211,"column":41}},"51":{"start":{"line":297,"column":9},"end":{"line":297,"column":19}},"52":{"start":{"line":231,"column":8},"end":{"line":231,"column":null}},"53":{"start":{"line":232,"column":8},"end":{"line":232,"column":null}},"54":{"start":{"line":233,"column":8},"end":{"line":233,"column":39}},"55":{"start":{"line":234,"column":8},"end":{"line":234,"column":26}},"56":{"start":{"line":238,"column":8},"end":{"line":238,"column":null}},"57":{"start":{"line":259,"column":8},"end":{"line":267,"column":null}},"58":{"start":{"line":264,"column":32},"end":{"line":266,"column":67}},"59":{"start":{"line":265,"column":38},"end":{"line":265,"column":64}},"60":{"start":{"line":266,"column":39},"end":{"line":266,"column":65}},"61":{"start":{"line":274,"column":8},"end":{"line":282,"column":null}},"62":{"start":{"line":278,"column":16},"end":{"line":280,"column":null}},"63":{"start":{"line":279,"column":28},"end":{"line":279,"column":49}},"64":{"start":{"line":280,"column":37},"end":{"line":280,"column":46}},"65":{"start":{"line":289,"column":8},"end":{"line":293,"column":null}},"66":{"start":{"line":292,"column":36},"end":{"line":292,"column":66}},"67":{"start":{"line":297,"column":21},"end":{"line":297,"column":31}}},"fnMap":{"0":{"name":"(anonymous_1)","decl":{"start":{"line":23,"column":4},"end":{"line":23,"column":16}},"loc":{"start":{"line":23,"column":44},"end":{"line":29,"column":5}}},"1":{"name":"(anonymous_2)","decl":{"start":{"line":35,"column":4},"end":{"line":35,"column":13}},"loc":{"start":{"line":35,"column":13},"end":{"line":37,"column":5}}},"2":{"name":"(anonymous_3)","decl":{"start":{"line":46,"column":4},"end":{"line":46,"column":14}},"loc":{"start":{"line":46,"column":14},"end":{"line":215,"column":5}}},"3":{"name":"(anonymous_4)","decl":{"start":{"line":67,"column":12},"end":{"line":67,"column":13}},"loc":{"start":{"line":68,"column":14},"end":{"line":79,"column":18}}},"4":{"name":"(anonymous_5)","decl":{"start":{"line":76,"column":22},"end":{"line":76,"column":25}},"loc":{"start":{"line":76,"column":28},"end":{"line":76,"column":49}}},"5":{"name":"(anonymous_6)","decl":{"start":{"line":77,"column":23},"end":{"line":77,"column":24}},"loc":{"start":{"line":77,"column":31},"end":{"line":79,"column":17}}},"6":{"name":"(anonymous_7)","decl":{"start":{"line":91,"column":12},"end":{"line":91,"column":13}},"loc":{"start":{"line":91,"column":47},"end":{"line":93,"column":38}}},"7":{"name":"(anonymous_8)","decl":{"start":{"line":92,"column":18},"end":{"line":92,"column":19}},"loc":{"start":{"line":92,"column":48},"end":{"line":92,"column":75}}},"8":{"name":"(anonymous_9)","decl":{"start":{"line":93,"column":19},"end":{"line":93,"column":20}},"loc":{"start":{"line":93,"column":28},"end":{"line":93,"column":37}}},"9":{"name":"(anonymous_10)","decl":{"start":{"line":108,"column":12},"end":{"line":108,"column":13}},"loc":{"start":{"line":108,"column":47},"end":{"line":112,"column":42}}},"10":{"name":"(anonymous_11)","decl":{"start":{"line":109,"column":22},"end":{"line":109,"column":23}},"loc":{"start":{"line":109,"column":50},"end":{"line":111,"column":17}}},"11":{"name":"(anonymous_12)","decl":{"start":{"line":112,"column":23},"end":{"line":112,"column":24}},"loc":{"start":{"line":112,"column":32},"end":{"line":112,"column":41}}},"12":{"name":"(anonymous_13)","decl":{"start":{"line":126,"column":12},"end":{"line":126,"column":13}},"loc":{"start":{"line":126,"column":46},"end":{"line":130,"column":13}}},"13":{"name":"(anonymous_14)","decl":{"start":{"line":128,"column":26},"end":{"line":128,"column":27}},"loc":{"start":{"line":128,"column":52},"end":{"line":128,"column":78}}},"14":{"name":"(anonymous_15)","decl":{"start":{"line":129,"column":27},"end":{"line":129,"column":28}},"loc":{"start":{"line":129,"column":36},"end":{"line":129,"column":45}}},"15":{"name":"(anonymous_16)","decl":{"start":{"line":145,"column":12},"end":{"line":145,"column":13}},"loc":{"start":{"line":145,"column":46},"end":{"line":157,"column":13}}},"16":{"name":"(anonymous_17)","decl":{"start":{"line":147,"column":22},"end":{"line":147,"column":23}},"loc":{"start":{"line":147,"column":55},"end":{"line":155,"column":17}}},"17":{"name":"(anonymous_18)","decl":{"start":{"line":152,"column":26},"end":{"line":152,"column":29}},"loc":{"start":{"line":152,"column":32},"end":{"line":152,"column":53}}},"18":{"name":"(anonymous_19)","decl":{"start":{"line":153,"column":27},"end":{"line":153,"column":28}},"loc":{"start":{"line":153,"column":41},"end":{"line":153,"column":50}}},"19":{"name":"(anonymous_20)","decl":{"start":{"line":156,"column":23},"end":{"line":156,"column":24}},"loc":{"start":{"line":156,"column":32},"end":{"line":156,"column":41}}},"20":{"name":"(anonymous_21)","decl":{"start":{"line":170,"column":12},"end":{"line":170,"column":13}},"loc":{"start":{"line":170,"column":47},"end":{"line":172,"column":47}}},"21":{"name":"(anonymous_22)","decl":{"start":{"line":171,"column":22},"end":{"line":171,"column":25}},"loc":{"start":{"line":171,"column":28},"end":{"line":171,"column":49}}},"22":{"name":"(anonymous_23)","decl":{"start":{"line":172,"column":23},"end":{"line":172,"column":24}},"loc":{"start":{"line":172,"column":37},"end":{"line":172,"column":46}}},"23":{"name":"(anonymous_24)","decl":{"start":{"line":195,"column":12},"end":{"line":195,"column":13}},"loc":{"start":{"line":195,"column":46},"end":{"line":212,"column":13}}},"24":{"name":"(anonymous_25)","decl":{"start":{"line":197,"column":22},"end":{"line":197,"column":23}},"loc":{"start":{"line":197,"column":55},"end":{"line":210,"column":17}}},"25":{"name":"(anonymous_26)","decl":{"start":{"line":208,"column":26},"end":{"line":208,"column":27}},"loc":{"start":{"line":208,"column":52},"end":{"line":208,"column":78}}},"26":{"name":"(anonymous_27)","decl":{"start":{"line":209,"column":27},"end":{"line":209,"column":28}},"loc":{"start":{"line":209,"column":41},"end":{"line":209,"column":50}}},"27":{"name":"(anonymous_28)","decl":{"start":{"line":211,"column":23},"end":{"line":211,"column":24}},"loc":{"start":{"line":211,"column":32},"end":{"line":211,"column":41}}},"28":{"name":"(anonymous_29)","decl":{"start":{"line":230,"column":4},"end":{"line":230,"column":16}},"loc":{"start":{"line":230,"column":44},"end":{"line":235,"column":5}}},"29":{"name":"(anonymous_30)","decl":{"start":{"line":237,"column":4},"end":{"line":237,"column":13}},"loc":{"start":{"line":237,"column":13},"end":{"line":239,"column":5}}},"30":{"name":"(anonymous_31)","decl":{"start":{"line":248,"column":4},"end":{"line":248,"column":14}},"loc":{"start":{"line":248,"column":14},"end":{"line":294,"column":5}}},"31":{"name":"(anonymous_32)","decl":{"start":{"line":264,"column":12},"end":{"line":264,"column":13}},"loc":{"start":{"line":264,"column":32},"end":{"line":266,"column":67}}},"32":{"name":"(anonymous_33)","decl":{"start":{"line":265,"column":22},"end":{"line":265,"column":23}},"loc":{"start":{"line":265,"column":38},"end":{"line":265,"column":64}}},"33":{"name":"(anonymous_34)","decl":{"start":{"line":266,"column":23},"end":{"line":266,"column":24}},"loc":{"start":{"line":266,"column":36},"end":{"line":266,"column":66}}},"34":{"name":"(anonymous_35)","decl":{"start":{"line":277,"column":12},"end":{"line":277,"column":13}},"loc":{"start":{"line":277,"column":31},"end":{"line":281,"column":13}}},"35":{"name":"(anonymous_36)","decl":{"start":{"line":279,"column":22},"end":{"line":279,"column":25}},"loc":{"start":{"line":279,"column":28},"end":{"line":279,"column":49}}},"36":{"name":"(anonymous_37)","decl":{"start":{"line":280,"column":23},"end":{"line":280,"column":24}},"loc":{"start":{"line":280,"column":37},"end":{"line":280,"column":46}}},"37":{"name":"(anonymous_38)","decl":{"start":{"line":292,"column":12},"end":{"line":292,"column":13}},"loc":{"start":{"line":292,"column":36},"end":{"line":292,"column":66}}}},"branchMap":{"0":{"loc":{"start":{"line":148,"column":20},"end":{"line":150,"column":null}},"type":"if","locations":[{"start":{"line":148,"column":20},"end":{"line":150,"column":null}}]},"1":{"loc":{"start":{"line":148,"column":24},"end":{"line":148,"column":128}},"type":"binary-expr","locations":[{"start":{"line":148,"column":24},"end":{"line":148,"column":49}},{"start":{"line":148,"column":53},"end":{"line":148,"column":82}},{"start":{"line":148,"column":86},"end":{"line":148,"column":128}}]},"2":{"loc":{"start":{"line":198,"column":20},"end":{"line":200,"column":null}},"type":"if","locations":[{"start":{"line":198,"column":20},"end":{"line":200,"column":null}}]},"3":{"loc":{"start":{"line":198,"column":24},"end":{"line":198,"column":128}},"type":"binary-expr","locations":[{"start":{"line":198,"column":24},"end":{"line":198,"column":49}},{"start":{"line":198,"column":53},"end":{"line":198,"column":82}},{"start":{"line":198,"column":86},"end":{"line":198,"column":128}}]},"4":{"loc":{"start":{"line":201,"column":20},"end":{"line":203,"column":null}},"type":"if","locations":[{"start":{"line":201,"column":20},"end":{"line":203,"column":null}}]},"5":{"loc":{"start":{"line":201,"column":24},"end":{"line":201,"column":94}},"type":"binary-expr","locations":[{"start":{"line":201,"column":24},"end":{"line":201,"column":49}},{"start":{"line":201,"column":53},"end":{"line":201,"column":94}}]},"6":{"loc":{"start":{"line":204,"column":20},"end":{"line":206,"column":null}},"type":"if","locations":[{"start":{"line":204,"column":20},"end":{"line":206,"column":null}}]}},"s":{"0":1,"1":1,"2":1,"3":1,"4":1,"5":1,"6":1,"7":1,"8":1,"9":1,"10":1,"11":1,"12":3,"13":3,"14":0,"15":1,"16":0,"17":0,"18":0,"19":1,"20":0,"21":0,"22":0,"23":1,"24":0,"25":0,"26":0,"27":1,"28":0,"29":0,"30":0,"31":0,"32":0,"33":0,"34":0,"35":1,"36":0,"37":0,"38":0,"39":1,"40":0,"41":0,"42":0,"43":0,"44":0,"45":0,"46":0,"47":0,"48":0,"49":0,"50":0,"51":1,"52":1,"53":1,"54":1,"55":1,"56":1,"57":1,"58":3,"59":3,"60":0,"61":1,"62":0,"63":0,"64":0,"65":1,"66":0,"67":1},"f":{"0":1,"1":1,"2":1,"3":3,"4":3,"5":0,"6":0,"7":0,"8":0,"9":0,"10":0,"11":0,"12":0,"13":0,"14":0,"15":0,"16":0,"17":0,"18":0,"19":0,"20":0,"21":0,"22":0,"23":0,"24":0,"25":0,"26":0,"27":0,"28":1,"29":1,"30":1,"31":3,"32":3,"33":0,"34":0,"35":0,"36":0,"37":0},"b":{"0":[0],"1":[0,0,0],"2":[0],"3":[0,0,0],"4":[0],"5":[0,0],"6":[0]}}
}
