TN:
SF:index.ts
FN:18,(anonymous_1)
FNF:1
FNH:0
FNDA:0,(anonymous_1)
DA:1,1
DA:2,1
DA:3,1
DA:4,1
DA:6,1
DA:7,1
DA:9,1
DA:11,1
DA:15,1
DA:16,1
DA:17,1
DA:18,0
DA:19,0
DA:23,1
LF:14
LH:12
BRDA:17,0,0,0
BRF:1
BRH:0
end_of_record
TN:
SF:src/helper.ts
FN:16,(anonymous_0)
FN:20,(anonymous_1)
FN:33,(anonymous_2)
FN:34,(anonymous_3)
FNF:4
FNH:4
FNDA:219,(anonymous_0)
FNDA:20,(anonymous_1)
FNDA:1,(anonymous_2)
FNDA:13,(anonymous_3)
DA:1,1
DA:17,219
DA:18,219
DA:19,16
DA:20,16
DA:21,20
DA:24,16
DA:26,203
DA:34,1
DA:35,13
DA:43,1
LF:11
LH:11
BRDA:18,0,0,16
BRDA:35,1,0,13
BRDA:35,1,1,0
BRDA:36,2,0,13
BRDA:36,2,1,0
BRDA:37,3,0,13
BRDA:37,3,1,0
BRF:7
BRH:4
end_of_record
TN:
SF:src/routes.ts
FN:21,initRoutes
FNF:1
FNH:1
FNDA:1,initRoutes
DA:1,1
DA:2,1
DA:3,1
DA:4,1
DA:5,1
DA:6,1
DA:7,1
DA:9,1
DA:10,1
DA:22,1
DA:23,1
DA:24,1
DA:32,1
DA:33,1
DA:34,1
DA:35,1
DA:36,1
DA:37,1
DA:42,1
DA:43,1
DA:44,1
DA:45,1
DA:46,1
DA:48,1
DA:51,1
LF:25
LH:25
BRF:0
BRH:0
end_of_record
TN:
SF:src/utilities.ts
FN:14,(anonymous_0)
FN:22,(anonymous_1)
FN:26,(anonymous_2)
FN:30,(anonymous_3)
FN:46,(anonymous_4)
FN:59,(anonymous_5)
FN:79,(anonymous_6)
FNF:7
FNH:5
FNDA:151,(anonymous_0)
FNDA:0,(anonymous_1)
FNDA:302,(anonymous_2)
FNDA:0,(anonymous_3)
FNDA:69,(anonymous_4)
FNDA:69,(anonymous_5)
FNDA:5,(anonymous_6)
DA:1,1
DA:2,1
DA:3,1
DA:15,151
DA:23,0
DA:27,302
DA:32,0
DA:33,0
DA:34,0
DA:37,0
DA:38,0
DA:45,1
DA:48,69
DA:49,6
DA:51,63
DA:52,2
DA:54,61
DA:55,2
DA:57,59
DA:61,69
DA:62,4
DA:64,65
DA:65,2
DA:67,63
DA:68,2
DA:70,61
DA:80,5
DA:81,5
DA:82,5
DA:86,1
LF:30
LH:24
BRDA:32,0,0,0
BRDA:32,1,0,0
BRDA:32,1,1,0
BRDA:37,2,0,0
BRDA:48,3,0,6
BRDA:48,4,0,69
BRDA:48,4,1,8
BRDA:48,4,2,4
BRDA:51,5,0,2
BRDA:51,6,0,63
BRDA:51,6,1,8
BRDA:54,7,0,2
BRDA:54,8,0,61
BRDA:54,8,1,53
BRDA:61,9,0,4
BRDA:61,10,0,69
BRDA:61,10,1,8
BRDA:61,10,2,4
BRDA:64,11,0,2
BRDA:64,12,0,65
BRDA:64,12,1,8
BRDA:67,13,0,2
BRDA:67,14,0,63
BRDA:67,14,1,53
BRF:24
BRH:20
end_of_record
TN:
SF:src/components/cart.ts
FN:21,(anonymous_0)
FN:46,(anonymous_1)
FN:55,(anonymous_2)
FNF:3
FNH:0
FNDA:0,(anonymous_0)
FNDA:0,(anonymous_1)
FNDA:0,(anonymous_2)
DA:22,0
DA:23,0
DA:24,0
DA:25,0
DA:26,0
DA:47,0
DA:48,0
DA:49,0
DA:50,0
DA:56,0
DA:60,1
LF:11
LH:1
BRF:0
BRH:0
end_of_record
TN:
SF:src/components/product.ts
FN:22,(anonymous_0)
FN:35,(anonymous_1)
FN:57,(anonymous_2)
FNF:3
FNH:2
FNDA:122,(anonymous_0)
FNDA:1,(anonymous_1)
FNDA:0,(anonymous_2)
DA:23,122
DA:24,122
DA:25,122
DA:26,122
DA:27,122
DA:28,122
DA:35,1
DA:36,1
DA:37,1
DA:38,1
DA:58,0
DA:59,0
DA:60,0
DA:61,0
DA:65,1
LF:15
LH:11
BRDA:35,0,0,1
BRDA:35,0,1,1
BRF:2
BRH:2
end_of_record
TN:
SF:src/components/review.ts
FN:19,(anonymous_0)
FNF:1
FNH:0
FNDA:0,(anonymous_0)
DA:20,0
DA:21,0
DA:22,0
DA:23,0
DA:24,0
DA:28,1
LF:6
LH:1
BRF:0
BRH:0
end_of_record
TN:
SF:src/components/user.ts
FN:21,(anonymous_0)
FN:35,(anonymous_1)
FNF:2
FNH:2
FNDA:325,(anonymous_0)
FNDA:1,(anonymous_1)
DA:22,325
DA:23,325
DA:24,325
DA:25,325
DA:26,325
DA:27,325
DA:35,1
DA:36,1
DA:37,1
DA:38,1
DA:41,1
LF:11
LH:11
BRDA:35,0,0,1
BRDA:35,0,1,1
BRF:2
BRH:2
end_of_record
TN:
SF:src/controllers/cartController.ts
FN:13,(anonymous_8)
FN:25,(anonymous_9)
FN:35,(anonymous_11)
FN:45,(anonymous_13)
FN:55,(anonymous_15)
FN:65,(anonymous_17)
FN:75,(anonymous_19)
FN:83,(anonymous_21)
FN:91,(anonymous_23)
FNF:9
FNH:1
FNDA:1,(anonymous_8)
FNDA:0,(anonymous_9)
FNDA:0,(anonymous_11)
FNDA:0,(anonymous_13)
FNDA:0,(anonymous_15)
FNDA:0,(anonymous_17)
FNDA:0,(anonymous_19)
FNDA:0,(anonymous_21)
FNDA:0,(anonymous_23)
DA:2,1
DA:14,1
DA:26,0
DA:36,0
DA:46,0
DA:56,0
DA:66,0
DA:76,0
DA:84,0
DA:92,0
DA:96,1
LF:11
LH:3
BRF:0
BRH:0
end_of_record
TN:
SF:src/controllers/productController.ts
FN:10,(anonymous_8)
FN:24,(anonymous_9)
FN:35,(anonymous_11)
FN:46,(anonymous_13)
FN:57,(anonymous_15)
FN:68,(anonymous_17)
FN:76,(anonymous_19)
FN:86,(anonymous_21)
FNF:8
FNH:8
FNDA:1,(anonymous_8)
FNDA:112,(anonymous_9)
FNDA:5,(anonymous_11)
FNDA:23,(anonymous_13)
FNDA:51,(anonymous_15)
FNDA:4,(anonymous_17)
FNDA:1,(anonymous_19)
FNDA:106,(anonymous_21)
DA:1,1
DA:11,1
DA:25,112
DA:36,5
DA:47,23
DA:58,51
DA:69,4
DA:77,1
DA:87,106
DA:92,1
LF:10
LH:10
BRF:0
BRH:0
end_of_record
TN:
SF:src/controllers/reviewController.ts
FN:10,(anonymous_8)
FN:22,(anonymous_9)
FN:32,(anonymous_11)
FN:42,(anonymous_13)
FN:51,(anonymous_15)
FN:59,(anonymous_17)
FNF:6
FNH:1
FNDA:1,(anonymous_8)
FNDA:0,(anonymous_9)
FNDA:0,(anonymous_11)
FNDA:0,(anonymous_13)
FNDA:0,(anonymous_15)
FNDA:0,(anonymous_17)
DA:3,1
DA:4,1
DA:5,1
DA:11,1
DA:23,0
DA:24,0
DA:33,0
DA:43,0
DA:52,0
DA:60,0
DA:64,1
LF:11
LH:5
BRF:0
BRH:0
end_of_record
TN:
SF:src/controllers/userController.ts
FN:13,(anonymous_8)
FN:26,(anonymous_9)
FN:34,(anonymous_11)
FN:43,(anonymous_13)
FN:55,(anonymous_15)
FN:70,(anonymous_17)
FN:83,(anonymous_19)
FN:97,(anonymous_21)
FNF:8
FNH:2
FNDA:1,(anonymous_8)
FNDA:3,(anonymous_9)
FNDA:0,(anonymous_11)
FNDA:0,(anonymous_13)
FNDA:0,(anonymous_15)
FNDA:0,(anonymous_17)
FNDA:0,(anonymous_19)
FNDA:0,(anonymous_21)
DA:3,1
DA:4,1
DA:14,1
DA:27,3
DA:35,0
DA:44,0
DA:56,0
DA:57,0
DA:58,0
DA:71,0
DA:72,0
DA:74,0
DA:75,0
DA:76,0
DA:84,0
DA:98,0
DA:99,0
DA:103,1
LF:18
LH:5
BRDA:56,0,0,0
BRDA:56,1,0,0
BRDA:56,1,1,0
BRDA:72,2,0,0
BRDA:72,2,1,0
BRDA:72,2,2,0
BRDA:72,2,3,0
BRDA:72,2,4,0
BRDA:74,3,0,0
BRDA:98,4,0,0
BRF:10
BRH:0
end_of_record
TN:
SF:src/dao/cartDAO.ts
FN:15,(anonymous_8)
FN:16,(anonymous_9)
FN:23,(anonymous_10)
FN:44,(anonymous_11)
FN:45,(anonymous_12)
FN:51,(anonymous_13)
FN:77,(anonymous_14)
FN:78,(anonymous_15)
FN:78,(anonymous_16)
FN:96,(anonymous_17)
FN:97,(anonymous_18)
FN:103,(anonymous_19)
FN:129,(anonymous_20)
FN:147,(anonymous_22)
FN:148,(anonymous_23)
FN:167,(anonymous_24)
FN:168,(anonymous_25)
FN:182,(anonymous_26)
FN:183,(anonymous_27)
FN:205,(anonymous_28)
FN:206,(anonymous_29)
FN:212,(anonymous_30)
FN:244,(anonymous_31)
FN:245,(anonymous_32)
FN:252,(anonymous_33)
FN:267,(anonymous_34)
FN:268,(anonymous_35)
FN:268,(anonymous_36)
FN:274,(anonymous_37)
FN:289,(anonymous_38)
FN:290,(anonymous_39)
FN:290,(anonymous_40)
FN:312,(anonymous_41)
FN:313,(anonymous_42)
FN:319,(anonymous_43)
FN:343,(anonymous_44)
FN:344,(anonymous_45)
FN:344,(anonymous_46)
FN:367,(anonymous_47)
FN:368,(anonymous_48)
FN:375,(anonymous_49)
FN:390,(anonymous_50)
FN:391,(anonymous_51)
FN:396,(anonymous_52)
FN:411,(anonymous_53)
FN:412,(anonymous_54)
FN:418,(anonymous_55)
FN:432,(anonymous_56)
FN:433,(anonymous_57)
FN:433,(anonymous_58)
FN:481,(anonymous_59)
FN:482,(anonymous_60)
FN:487,(anonymous_61)
FN:501,(anonymous_62)
FN:502,(anonymous_63)
FN:502,(anonymous_64)
FN:532,(anonymous_65)
FN:533,(anonymous_66)
FN:536,(anonymous_67)
FN:550,(anonymous_68)
FN:551,(anonymous_69)
FN:554,(anonymous_70)
FN:568,(anonymous_71)
FN:569,(anonymous_72)
FN:569,(anonymous_73)
FN:581,(anonymous_74)
FN:582,(anonymous_75)
FN:582,(anonymous_76)
FN:587,(anonymous_77)
FN:587,(anonymous_78)
FN:615,(anonymous_79)
FN:616,(anonymous_80)
FN:616,(anonymous_81)
FN:637,(anonymous_82)
FNF:74
FNH:0
FNDA:0,(anonymous_8)
FNDA:0,(anonymous_9)
FNDA:0,(anonymous_10)
FNDA:0,(anonymous_11)
FNDA:0,(anonymous_12)
FNDA:0,(anonymous_13)
FNDA:0,(anonymous_14)
FNDA:0,(anonymous_15)
FNDA:0,(anonymous_16)
FNDA:0,(anonymous_17)
FNDA:0,(anonymous_18)
FNDA:0,(anonymous_19)
FNDA:0,(anonymous_20)
FNDA:0,(anonymous_22)
FNDA:0,(anonymous_23)
FNDA:0,(anonymous_24)
FNDA:0,(anonymous_25)
FNDA:0,(anonymous_26)
FNDA:0,(anonymous_27)
FNDA:0,(anonymous_28)
FNDA:0,(anonymous_29)
FNDA:0,(anonymous_30)
FNDA:0,(anonymous_31)
FNDA:0,(anonymous_32)
FNDA:0,(anonymous_33)
FNDA:0,(anonymous_34)
FNDA:0,(anonymous_35)
FNDA:0,(anonymous_36)
FNDA:0,(anonymous_37)
FNDA:0,(anonymous_38)
FNDA:0,(anonymous_39)
FNDA:0,(anonymous_40)
FNDA:0,(anonymous_41)
FNDA:0,(anonymous_42)
FNDA:0,(anonymous_43)
FNDA:0,(anonymous_44)
FNDA:0,(anonymous_45)
FNDA:0,(anonymous_46)
FNDA:0,(anonymous_47)
FNDA:0,(anonymous_48)
FNDA:0,(anonymous_49)
FNDA:0,(anonymous_50)
FNDA:0,(anonymous_51)
FNDA:0,(anonymous_52)
FNDA:0,(anonymous_53)
FNDA:0,(anonymous_54)
FNDA:0,(anonymous_55)
FNDA:0,(anonymous_56)
FNDA:0,(anonymous_57)
FNDA:0,(anonymous_58)
FNDA:0,(anonymous_59)
FNDA:0,(anonymous_60)
FNDA:0,(anonymous_61)
FNDA:0,(anonymous_62)
FNDA:0,(anonymous_63)
FNDA:0,(anonymous_64)
FNDA:0,(anonymous_65)
FNDA:0,(anonymous_66)
FNDA:0,(anonymous_67)
FNDA:0,(anonymous_68)
FNDA:0,(anonymous_69)
FNDA:0,(anonymous_70)
FNDA:0,(anonymous_71)
FNDA:0,(anonymous_72)
FNDA:0,(anonymous_73)
FNDA:0,(anonymous_74)
FNDA:0,(anonymous_75)
FNDA:0,(anonymous_76)
FNDA:0,(anonymous_77)
FNDA:0,(anonymous_78)
FNDA:0,(anonymous_79)
FNDA:0,(anonymous_80)
FNDA:0,(anonymous_81)
FNDA:0,(anonymous_82)
DA:1,1
DA:2,1
DA:3,1
DA:4,1
DA:5,1
DA:6,1
DA:7,1
DA:8,1
DA:16,0
DA:17,0
DA:19,0
DA:22,0
DA:23,0
DA:24,0
DA:25,0
DA:27,0
DA:29,0
DA:33,0
DA:34,0
DA:38,0
DA:45,0
DA:46,0
DA:48,0
DA:51,0
DA:52,0
DA:53,0
DA:55,0
DA:57,0
DA:61,0
DA:62,0
DA:63,0
DA:65,0
DA:66,0
DA:70,0
DA:78,0
DA:79,0
DA:80,0
DA:82,0
DA:83,0
DA:86,0
DA:87,0
DA:90,0
DA:97,0
DA:98,0
DA:100,0
DA:103,0
DA:104,0
DA:105,0
DA:107,0
DA:109,0
DA:113,0
DA:117,0
DA:130,0
DA:132,0
DA:135,0
DA:136,0
DA:140,0
DA:142,0
DA:145,0
DA:147,0
DA:148,0
DA:149,0
DA:150,0
DA:152,0
DA:156,0
DA:159,0
DA:164,0
DA:167,0
DA:168,0
DA:169,0
DA:170,0
DA:172,0
DA:177,0
DA:180,0
DA:182,0
DA:183,0
DA:184,0
DA:185,0
DA:187,0
DA:193,0
DA:196,0
DA:198,0
DA:206,0
DA:207,0
DA:209,0
DA:212,0
DA:213,0
DA:214,0
DA:216,0
DA:218,0
DA:222,0
DA:223,0
DA:224,0
DA:225,0
DA:226,0
DA:228,0
DA:229,0
DA:230,0
DA:232,0
DA:234,0
DA:238,0
DA:245,0
DA:246,0
DA:248,0
DA:251,0
DA:252,0
DA:253,0
DA:254,0
DA:257,0
DA:261,0
DA:268,0
DA:269,0
DA:271,0
DA:274,0
DA:275,0
DA:276,0
DA:279,0
DA:284,0
DA:290,0
DA:291,0
DA:292,0
DA:294,0
DA:295,0
DA:298,0
DA:299,0
DA:300,0
DA:301,0
DA:303,0
DA:306,0
DA:313,0
DA:314,0
DA:316,0
DA:319,0
DA:320,0
DA:321,0
DA:323,0
DA:325,0
DA:329,0
DA:330,0
DA:331,0
DA:332,0
DA:334,0
DA:338,0
DA:344,0
DA:345,0
DA:346,0
DA:348,0
DA:349,0
DA:352,0
DA:353,0
DA:354,0
DA:355,0
DA:357,0
DA:360,0
DA:368,0
DA:369,0
DA:370,0
DA:372,0
DA:375,0
DA:376,0
DA:377,0
DA:380,0
DA:384,0
DA:391,0
DA:392,0
DA:394,0
DA:396,0
DA:397,0
DA:398,0
DA:401,0
DA:405,0
DA:412,0
DA:413,0
DA:415,0
DA:418,0
DA:419,0
DA:420,0
DA:423,0
DA:427,0
DA:433,0
DA:434,0
DA:435,0
DA:436,0
DA:438,0
DA:439,0
DA:441,0
DA:442,0
DA:443,0
DA:444,0
DA:448,0
DA:450,0
DA:451,0
DA:452,0
DA:453,0
DA:456,0
DA:457,0
DA:458,0
DA:461,0
DA:463,0
DA:467,0
DA:470,0
DA:471,0
DA:474,0
DA:482,0
DA:483,0
DA:485,0
DA:487,0
DA:488,0
DA:489,0
DA:492,0
DA:496,0
DA:502,0
DA:503,0
DA:504,0
DA:505,0
DA:506,0
DA:507,0
DA:508,0
DA:510,0
DA:513,0
DA:514,0
DA:518,0
DA:519,0
DA:521,0
DA:525,0
DA:533,0
DA:534,0
DA:535,0
DA:536,0
DA:537,0
DA:538,0
DA:541,0
DA:545,0
DA:551,0
DA:552,0
DA:553,0
DA:554,0
DA:555,0
DA:556,0
DA:559,0
DA:563,0
DA:569,0
DA:570,0
DA:571,0
DA:572,0
DA:573,0
DA:575,0
DA:582,0
DA:583,0
DA:585,0
DA:587,0
DA:588,0
DA:589,0
DA:591,0
DA:593,0
DA:596,0
DA:600,0
DA:601,0
DA:602,0
DA:603,0
DA:604,0
DA:606,0
DA:610,0
DA:616,0
DA:617,0
DA:618,0
DA:619,0
DA:621,0
DA:638,0
DA:639,0
DA:643,1
DA:644,1
LF:272
LH:10
BRDA:15,0,0,0
BRDA:22,1,0,0
BRDA:24,2,0,0
BRDA:24,2,1,0
BRDA:27,3,0,0
BRDA:27,3,1,0
BRDA:52,4,0,0
BRDA:52,4,1,0
BRDA:55,5,0,0
BRDA:55,5,1,0
BRDA:82,6,0,0
BRDA:82,6,1,0
BRDA:104,7,0,0
BRDA:104,7,1,0
BRDA:107,8,0,0
BRDA:107,8,1,0
BRDA:135,9,0,0
BRDA:142,10,0,0
BRDA:142,10,1,0
BRDA:149,11,0,0
BRDA:149,11,1,0
BRDA:152,12,0,0
BRDA:152,12,1,0
BRDA:152,13,0,0
BRDA:152,13,1,0
BRDA:152,14,0,0
BRDA:152,14,1,0
BRDA:169,15,0,0
BRDA:169,15,1,0
BRDA:177,16,0,0
BRDA:177,16,1,0
BRDA:184,17,0,0
BRDA:184,17,1,0
BRDA:213,18,0,0
BRDA:213,18,1,0
BRDA:216,19,0,0
BRDA:216,19,1,0
BRDA:224,20,0,0
BRDA:228,21,0,0
BRDA:253,22,0,0
BRDA:253,22,1,0
BRDA:275,23,0,0
BRDA:275,23,1,0
BRDA:294,24,0,0
BRDA:294,24,1,0
BRDA:320,25,0,0
BRDA:320,25,1,0
BRDA:323,26,0,0
BRDA:323,26,1,0
BRDA:348,27,0,0
BRDA:348,27,1,0
BRDA:370,28,0,0
BRDA:370,28,1,0
BRDA:376,29,0,0
BRDA:376,29,1,0
BRDA:397,30,0,0
BRDA:397,30,1,0
BRDA:419,31,0,0
BRDA:419,31,1,0
BRDA:438,32,0,0
BRDA:442,33,0,0
BRDA:451,34,0,0
BRDA:456,35,0,0
BRDA:461,36,0,0
BRDA:461,36,1,0
BRDA:488,37,0,0
BRDA:488,37,1,0
BRDA:505,38,0,0
BRDA:505,38,1,0
BRDA:507,39,0,0
BRDA:507,39,1,0
BRDA:514,40,0,0
BRDA:514,40,1,0
BRDA:537,41,0,0
BRDA:537,41,1,0
BRDA:555,42,0,0
BRDA:555,42,1,0
BRDA:588,43,0,0
BRDA:591,44,0,0
BRDA:591,44,1,0
BRDA:602,45,0,0
BRDA:602,45,1,0
BRF:82
BRH:0
end_of_record
TN:
SF:src/dao/productDAO.ts
FN:26,(anonymous_1)
FN:27,(anonymous_2)
FN:39,(anonymous_3)
FN:60,(anonymous_4)
FN:61,(anonymous_5)
FN:73,(anonymous_6)
FN:85,(anonymous_7)
FN:113,(anonymous_8)
FN:114,(anonymous_9)
FN:126,(anonymous_10)
FN:151,(anonymous_11)
FN:178,(anonymous_12)
FN:179,(anonymous_13)
FN:214,(anonymous_14)
FN:226,(anonymous_15)
FN:230,(anonymous_16)
FN:230,(anonymous_17)
FN:249,(anonymous_18)
FN:282,(anonymous_19)
FN:283,(anonymous_20)
FN:286,(anonymous_21)
FN:304,(anonymous_22)
FN:305,(anonymous_23)
FN:308,(anonymous_24)
FNF:24
FNH:24
FNDA:112,(anonymous_1)
FNDA:112,(anonymous_2)
FNDA:111,(anonymous_3)
FNDA:5,(anonymous_4)
FNDA:5,(anonymous_5)
FNDA:4,(anonymous_6)
FNDA:3,(anonymous_7)
FNDA:23,(anonymous_8)
FNDA:23,(anonymous_9)
FNDA:22,(anonymous_10)
FNDA:18,(anonymous_11)
FNDA:55,(anonymous_12)
FNDA:55,(anonymous_13)
FNDA:55,(anonymous_14)
FNDA:9,(anonymous_15)
FNDA:9,(anonymous_16)
FNDA:5,(anonymous_17)
FNDA:117,(anonymous_18)
FNDA:1,(anonymous_19)
FNDA:1,(anonymous_20)
FNDA:1,(anonymous_21)
FNDA:106,(anonymous_22)
FNDA:106,(anonymous_23)
FNDA:106,(anonymous_24)
DA:1,1
DA:2,1
DA:4,1
DA:5,1
DA:27,112
DA:28,112
DA:30,112
DA:31,1
DA:32,1
DA:35,111
DA:36,1
DA:38,111
DA:39,111
DA:40,111
DA:41,1
DA:42,1
DA:44,111
DA:47,0
DA:61,5
DA:62,5
DA:64,5
DA:65,1
DA:66,1
DA:69,4
DA:70,2
DA:72,4
DA:73,4
DA:74,4
DA:75,0
DA:76,0
DA:79,4
DA:80,1
DA:81,1
DA:83,3
DA:84,3
DA:85,3
DA:86,3
DA:87,0
DA:88,0
DA:92,3
DA:93,1
DA:94,1
DA:96,2
DA:97,2
DA:101,0
DA:114,23
DA:115,23
DA:117,23
DA:118,1
DA:119,1
DA:122,22
DA:123,18
DA:125,22
DA:126,22
DA:127,22
DA:128,0
DA:129,0
DA:132,22
DA:133,1
DA:134,1
DA:137,21
DA:138,1
DA:139,1
DA:141,20
DA:142,1
DA:143,1
DA:146,19
DA:147,1
DA:148,1
DA:150,18
DA:151,18
DA:152,18
DA:153,0
DA:154,0
DA:158,18
DA:163,0
DA:179,55
DA:180,55
DA:184,55
DA:186,55
DA:187,49
DA:191,6
DA:192,2
DA:193,0
DA:194,0
DA:196,2
DA:197,0
DA:198,0
DA:200,2
DA:201,2
DA:204,4
DA:205,4
DA:206,4
DA:210,0
DA:211,0
DA:214,55
DA:215,55
DA:216,0
DA:217,0
DA:219,55
DA:221,55
DA:222,2
DA:223,2
DA:225,53
DA:226,9
DA:227,0
DA:228,0
DA:230,9
DA:232,5
DA:233,5
DA:236,5
DA:244,5
DA:249,50
DA:251,117
DA:252,117
DA:255,117
DA:263,117
DA:269,53
DA:270,53
DA:273,0
DA:283,1
DA:284,1
DA:285,1
DA:286,1
DA:287,1
DA:288,0
DA:289,0
DA:291,1
DA:294,0
DA:305,106
DA:306,106
DA:307,106
DA:308,106
DA:309,106
DA:310,0
DA:311,0
DA:314,106
DA:315,1
DA:316,1
DA:318,105
DA:321,0
DA:327,1
LF:142
LH:114
BRDA:30,0,0,1
BRDA:30,1,0,112
BRDA:30,1,1,111
BRDA:35,2,0,1
BRDA:40,3,0,1
BRDA:41,4,0,1
BRDA:64,5,0,1
BRDA:64,6,0,5
BRDA:64,6,1,3
BRDA:69,7,0,2
BRDA:74,8,0,0
BRDA:79,9,0,1
BRDA:86,10,0,0
BRDA:92,11,0,1
BRDA:117,12,0,1
BRDA:117,13,0,23
BRDA:117,13,1,5
BRDA:122,14,0,18
BRDA:127,15,0,0
BRDA:132,16,0,1
BRDA:137,17,0,1
BRDA:141,18,0,1
BRDA:146,19,0,1
BRDA:152,20,0,0
BRDA:186,21,0,49
BRDA:186,21,1,6
BRDA:191,22,0,2
BRDA:191,22,1,4
BRDA:192,23,0,0
BRDA:196,24,0,0
BRDA:196,25,0,2
BRDA:196,25,1,1
BRDA:196,25,2,0
BRDA:204,26,0,4
BRDA:204,26,1,0
BRDA:215,27,0,0
BRDA:221,28,0,2
BRDA:221,29,0,55
BRDA:221,29,1,12
BRDA:225,30,0,3
BRDA:225,30,1,50
BRDA:226,31,0,0
BRDA:232,32,0,5
BRDA:251,33,0,117
BRDA:287,34,0,0
BRDA:309,35,0,0
BRDA:314,36,0,1
BRF:47
BRH:35
end_of_record
TN:
SF:src/dao/reviewDAO.ts
FN:22,(anonymous_1)
FN:23,(anonymous_2)
FN:26,(anonymous_3)
FN:34,(anonymous_4)
FN:42,(anonymous_5)
FN:63,(anonymous_6)
FN:64,(anonymous_7)
FN:67,(anonymous_8)
FN:71,(anonymous_9)
FN:88,(anonymous_10)
FN:89,(anonymous_11)
FN:92,(anonymous_12)
FN:100,(anonymous_13)
FN:108,(anonymous_14)
FN:129,(anonymous_15)
FN:130,(anonymous_16)
FN:133,(anonymous_17)
FN:141,(anonymous_18)
FN:158,(anonymous_19)
FN:159,(anonymous_20)
FN:162,(anonymous_21)
FNF:21
FNH:0
FNDA:0,(anonymous_1)
FNDA:0,(anonymous_2)
FNDA:0,(anonymous_3)
FNDA:0,(anonymous_4)
FNDA:0,(anonymous_5)
FNDA:0,(anonymous_6)
FNDA:0,(anonymous_7)
FNDA:0,(anonymous_8)
FNDA:0,(anonymous_9)
FNDA:0,(anonymous_10)
FNDA:0,(anonymous_11)
FNDA:0,(anonymous_12)
FNDA:0,(anonymous_13)
FNDA:0,(anonymous_14)
FNDA:0,(anonymous_15)
FNDA:0,(anonymous_16)
FNDA:0,(anonymous_17)
FNDA:0,(anonymous_18)
FNDA:0,(anonymous_19)
FNDA:0,(anonymous_20)
FNDA:0,(anonymous_21)
DA:1,1
DA:2,1
DA:4,1
DA:23,0
DA:24,0
DA:25,0
DA:26,0
DA:27,0
DA:28,0
DA:29,0
DA:30,0
DA:33,0
DA:34,0
DA:35,0
DA:36,0
DA:37,0
DA:38,0
DA:41,0
DA:42,0
DA:43,0
DA:44,0
DA:45,0
DA:52,0
DA:64,0
DA:65,0
DA:66,0
DA:67,0
DA:68,0
DA:69,0
DA:71,0
DA:72,0
DA:76,0
DA:89,0
DA:90,0
DA:91,0
DA:92,0
DA:93,0
DA:94,0
DA:95,0
DA:96,0
DA:99,0
DA:100,0
DA:101,0
DA:102,0
DA:103,0
DA:104,0
DA:107,0
DA:108,0
DA:109,0
DA:110,0
DA:111,0
DA:118,0
DA:130,0
DA:131,0
DA:132,0
DA:133,0
DA:134,0
DA:135,0
DA:136,0
DA:137,0
DA:140,0
DA:141,0
DA:142,0
DA:143,0
DA:144,0
DA:149,0
DA:159,0
DA:160,0
DA:161,0
DA:162,0
DA:163,0
DA:164,0
DA:165,0
DA:168,0
DA:176,1
LF:75
LH:4
BRDA:27,0,0,0
BRDA:27,0,1,0
BRDA:29,1,0,0
BRDA:29,1,1,0
BRDA:35,2,0,0
BRDA:35,2,1,0
BRDA:37,3,0,0
BRDA:37,3,1,0
BRDA:43,4,0,0
BRDA:68,5,0,0
BRDA:68,5,1,0
BRDA:93,6,0,0
BRDA:93,6,1,0
BRDA:95,7,0,0
BRDA:95,7,1,0
BRDA:101,8,0,0
BRDA:101,8,1,0
BRDA:103,9,0,0
BRDA:103,9,1,0
BRDA:109,10,0,0
BRDA:134,11,0,0
BRDA:134,11,1,0
BRDA:136,12,0,0
BRDA:136,12,1,0
BRDA:142,13,0,0
BRDA:163,14,0,0
BRF:26
BRH:0
end_of_record
TN:
SF:src/dao/userDAO.ts
FN:19,(anonymous_1)
FN:20,(anonymous_2)
FN:27,(anonymous_3)
FN:57,(anonymous_4)
FN:58,(anonymous_5)
FN:63,(anonymous_6)
FN:81,(anonymous_7)
FN:82,(anonymous_8)
FN:84,(anonymous_9)
FN:89,(anonymous_10)
FN:99,(anonymous_11)
FN:100,(anonymous_12)
FN:118,(anonymous_13)
FN:123,(anonymous_14)
FN:135,(anonymous_15)
FN:136,(anonymous_16)
FN:138,(anonymous_17)
FN:159,(anonymous_18)
FN:160,(anonymous_19)
FN:162,(anonymous_20)
FN:181,(anonymous_21)
FN:183,(anonymous_22)
FN:185,(anonymous_23)
FN:204,(anonymous_24)
FN:205,(anonymous_25)
FN:207,(anonymous_26)
FN:213,(anonymous_27)
FNF:27
FNH:9
FNDA:3,(anonymous_1)
FNDA:3,(anonymous_2)
FNDA:3,(anonymous_3)
FNDA:3,(anonymous_4)
FNDA:3,(anonymous_5)
FNDA:3,(anonymous_6)
FNDA:0,(anonymous_7)
FNDA:0,(anonymous_8)
FNDA:0,(anonymous_9)
FNDA:0,(anonymous_10)
FNDA:0,(anonymous_11)
FNDA:0,(anonymous_12)
FNDA:0,(anonymous_13)
FNDA:0,(anonymous_14)
FNDA:325,(anonymous_15)
FNDA:325,(anonymous_16)
FNDA:325,(anonymous_17)
FNDA:0,(anonymous_18)
FNDA:0,(anonymous_19)
FNDA:0,(anonymous_20)
FNDA:0,(anonymous_21)
FNDA:0,(anonymous_22)
FNDA:0,(anonymous_23)
FNDA:0,(anonymous_24)
FNDA:0,(anonymous_25)
FNDA:0,(anonymous_26)
FNDA:0,(anonymous_27)
DA:1,1
DA:2,1
DA:3,1
DA:4,1
DA:20,3
DA:21,3
DA:26,3
DA:27,3
DA:28,3
DA:30,3
DA:31,0
DA:34,3
DA:35,3
DA:36,3
DA:37,3
DA:42,0
DA:58,3
DA:59,3
DA:60,3
DA:61,3
DA:62,3
DA:63,3
DA:64,3
DA:65,0
DA:66,0
DA:68,3
DA:71,0
DA:82,0
DA:83,0
DA:84,0
DA:85,0
DA:86,0
DA:87,0
DA:89,0
DA:90,0
DA:100,0
DA:117,0
DA:118,0
DA:119,0
DA:120,0
DA:121,0
DA:123,0
DA:124,0
DA:136,325
DA:137,325
DA:138,325
DA:139,325
DA:140,0
DA:141,0
DA:143,325
DA:144,0
DA:145,0
DA:147,325
DA:148,325
DA:160,0
DA:161,0
DA:162,0
DA:163,0
DA:164,0
DA:165,0
DA:167,0
DA:168,0
DA:169,0
DA:171,0
DA:183,0
DA:184,0
DA:185,0
DA:186,0
DA:187,0
DA:188,0
DA:190,0
DA:205,0
DA:206,0
DA:207,0
DA:208,0
DA:209,0
DA:210,0
DA:212,0
DA:213,0
DA:214,0
DA:215,0
DA:216,0
DA:218,0
DA:219,0
DA:220,0
DA:222,0
DA:223,0
DA:231,1
LF:88
LH:30
BRDA:28,0,0,0
BRDA:30,1,0,0
BRDA:30,1,1,3
BRDA:30,2,0,3
BRDA:30,2,1,3
BRDA:30,2,2,3
BRDA:36,3,0,0
BRDA:64,4,0,0
BRDA:65,5,0,0
BRDA:85,6,0,0
BRDA:119,7,0,0
BRDA:139,8,0,0
BRDA:143,9,0,0
BRDA:163,10,0,0
BRDA:167,11,0,0
BRDA:186,12,0,0
BRDA:208,13,0,0
BRDA:214,14,0,0
BRDA:218,15,0,0
BRF:19
BRH:4
end_of_record
TN:
SF:src/db/cleanup.ts
FN:9,cleanup
FN:10,(anonymous_10)
FN:11,(anonymous_11)
FN:13,(anonymous_12)
FN:13,(anonymous_13)
FN:42,(anonymous_14)
FN:43,(anonymous_15)
FN:44,(anonymous_16)
FNF:8
FNH:8
FNDA:2,cleanup
FNDA:2,(anonymous_10)
FNDA:2,(anonymous_11)
FNDA:2,(anonymous_12)
FNDA:2,(anonymous_13)
FNDA:14,(anonymous_14)
FNDA:14,(anonymous_15)
FNDA:14,(anonymous_16)
DA:3,1
DA:9,1
DA:10,2
DA:11,2
DA:13,2
DA:14,2
DA:15,0
DA:18,2
DA:20,2
DA:21,2
DA:22,2
DA:23,2
DA:24,2
DA:25,2
DA:27,2
DA:30,2
DA:31,2
DA:34,0
DA:42,1
DA:43,14
DA:44,14
DA:45,14
DA:46,0
DA:49,14
LF:24
LH:21
BRDA:9,0,0,2
BRDA:14,1,0,0
BRDA:14,1,1,2
BRDA:24,2,0,2
BRDA:45,3,0,0
BRDA:45,3,1,14
BRF:6
BRH:4
end_of_record
TN:
SF:src/db/db.ts
FN:26,(anonymous_0)
FNF:1
FNH:1
FNDA:1,(anonymous_0)
DA:13,1
DA:20,1
DA:23,1
DA:26,1
DA:27,1
DA:28,1
DA:31,1
LF:7
LH:7
BRDA:20,0,0,1
BRDA:20,0,1,0
BRDA:23,1,0,1
BRDA:23,1,1,0
BRDA:27,2,0,0
BRF:5
BRH:2
end_of_record
TN:
SF:src/errors/cartError.ts
FN:14,(anonymous_0)
FN:28,(anonymous_1)
FN:42,(anonymous_2)
FN:56,(anonymous_3)
FN:67,(anonymous_4)
FNF:5
FNH:0
FNDA:0,(anonymous_0)
FNDA:0,(anonymous_1)
FNDA:0,(anonymous_2)
FNDA:0,(anonymous_3)
FNDA:0,(anonymous_4)
DA:1,1
DA:2,1
DA:3,1
DA:4,1
DA:5,1
DA:15,0
DA:16,0
DA:17,0
DA:29,0
DA:30,0
DA:31,0
DA:43,0
DA:44,0
DA:45,0
DA:57,0
DA:58,0
DA:59,0
DA:68,0
DA:69,0
DA:70,0
DA:74,1
LF:21
LH:6
BRDA:67,0,0,0
BRDA:70,1,0,0
BRDA:70,1,1,0
BRF:3
BRH:0
end_of_record
TN:
SF:src/errors/productError.ts
FN:14,(anonymous_0)
FN:28,(anonymous_1)
FN:42,(anonymous_2)
FN:53,(anonymous_3)
FN:64,(anonymous_4)
FN:74,(anonymous_5)
FNF:6
FNH:4
FNDA:5,(anonymous_0)
FNDA:1,(anonymous_1)
FNDA:0,(anonymous_2)
FNDA:1,(anonymous_3)
FNDA:1,(anonymous_4)
FNDA:0,(anonymous_5)
DA:1,1
DA:2,1
DA:3,1
DA:4,1
DA:5,1
DA:15,5
DA:16,5
DA:17,5
DA:29,1
DA:30,1
DA:31,1
DA:43,0
DA:44,0
DA:45,0
DA:54,1
DA:55,1
DA:56,1
DA:65,1
DA:66,1
DA:67,1
DA:75,0
DA:76,0
DA:77,0
DA:81,1
LF:24
LH:18
BRF:0
BRH:0
end_of_record
TN:
SF:src/errors/reviewError.ts
FN:9,(anonymous_0)
FN:20,(anonymous_1)
FN:31,(anonymous_2)
FNF:3
FNH:0
FNDA:0,(anonymous_0)
FNDA:0,(anonymous_1)
FNDA:0,(anonymous_2)
DA:1,1
DA:2,1
DA:3,1
DA:10,0
DA:11,0
DA:12,0
DA:21,0
DA:22,0
DA:23,0
DA:32,0
DA:33,0
DA:34,0
DA:38,1
LF:13
LH:4
BRF:0
BRH:0
end_of_record
TN:
SF:src/errors/userError.ts
FN:17,(anonymous_0)
FN:31,(anonymous_1)
FN:45,(anonymous_2)
FN:60,(anonymous_3)
FN:71,(anonymous_4)
FN:82,(anonymous_5)
FN:93,(anonymous_6)
FN:104,(anonymous_7)
FNF:8
FNH:0
FNDA:0,(anonymous_0)
FNDA:0,(anonymous_1)
FNDA:0,(anonymous_2)
FNDA:0,(anonymous_3)
FNDA:0,(anonymous_4)
FNDA:0,(anonymous_5)
FNDA:0,(anonymous_6)
FNDA:0,(anonymous_7)
DA:1,1
DA:2,1
DA:3,1
DA:4,1
DA:5,1
DA:6,1
DA:7,1
DA:8,1
DA:18,0
DA:19,0
DA:20,0
DA:32,0
DA:33,0
DA:34,0
DA:46,0
DA:47,0
DA:48,0
DA:61,0
DA:62,0
DA:63,0
DA:72,0
DA:73,0
DA:74,0
DA:83,0
DA:84,0
DA:85,0
DA:94,0
DA:95,0
DA:96,0
DA:105,0
DA:106,0
DA:107,0
DA:111,1
LF:33
LH:9
BRF:0
BRH:0
end_of_record
TN:
SF:src/routers/auth.ts
FN:20,(anonymous_1)
FN:30,(anonymous_2)
FN:49,(anonymous_3)
FN:50,(anonymous_4)
FN:52,(anonymous_5)
FN:66,(anonymous_6)
FN:76,(anonymous_7)
FN:77,(anonymous_8)
FN:79,(anonymous_9)
FN:96,(anonymous_10)
FN:97,(anonymous_11)
FN:98,(anonymous_12)
FN:102,(anonymous_13)
FN:117,(anonymous_14)
FN:118,(anonymous_15)
FN:119,(anonymous_16)
FN:132,(anonymous_17)
FN:144,(anonymous_18)
FN:157,(anonymous_19)
FN:162,(anonymous_20)
FN:167,(anonymous_21)
FNF:21
FNH:14
FNDA:1,(anonymous_1)
FNDA:1,(anonymous_2)
FNDA:3,(anonymous_3)
FNDA:3,(anonymous_4)
FNDA:3,(anonymous_5)
FNDA:3,(anonymous_6)
FNDA:322,(anonymous_7)
FNDA:322,(anonymous_8)
FNDA:0,(anonymous_9)
FNDA:3,(anonymous_10)
FNDA:3,(anonymous_11)
FNDA:3,(anonymous_12)
FNDA:3,(anonymous_13)
FNDA:0,(anonymous_14)
FNDA:0,(anonymous_15)
FNDA:0,(anonymous_16)
FNDA:4,(anonymous_17)
FNDA:0,(anonymous_18)
FNDA:0,(anonymous_19)
FNDA:0,(anonymous_20)
FNDA:302,(anonymous_21)
DA:3,1
DA:4,1
DA:5,1
DA:6,1
DA:7,1
DA:21,1
DA:22,1
DA:23,1
DA:31,1
DA:38,1
DA:39,1
DA:41,1
DA:48,1
DA:50,3
DA:51,3
DA:52,3
DA:53,3
DA:56,0
DA:66,1
DA:67,3
DA:76,1
DA:77,322
DA:78,322
DA:80,0
DA:97,3
DA:98,3
DA:99,3
DA:100,3
DA:102,3
DA:103,3
DA:104,3
DA:118,0
DA:119,0
DA:133,4
DA:134,0
DA:145,0
DA:146,0
DA:158,0
DA:159,0
DA:163,0
DA:164,0
DA:168,302
DA:169,4
DA:174,1
LF:44
LH:33
BRDA:51,0,0,3
BRDA:51,0,1,0
BRDA:99,1,0,0
BRDA:100,2,0,0
BRDA:103,3,0,0
BRDA:133,4,0,4
BRDA:145,5,0,0
BRDA:145,6,0,0
BRDA:145,6,1,0
BRDA:158,7,0,0
BRDA:158,8,0,0
BRDA:158,8,1,0
BRDA:163,9,0,0
BRDA:163,10,0,0
BRDA:163,10,1,0
BRDA:168,11,0,298
BRDA:168,12,0,302
BRDA:168,12,1,302
BRDA:168,12,2,151
BRF:19
BRH:6
end_of_record
TN:
SF:src/routers/cartRoutes.ts
FN:21,(anonymous_1)
FN:33,(anonymous_2)
FN:44,(anonymous_3)
FN:54,(anonymous_4)
FN:55,(anonymous_5)
FN:58,(anonymous_6)
FN:73,(anonymous_7)
FN:74,(anonymous_8)
FN:75,(anonymous_9)
FN:87,(anonymous_10)
FN:88,(anonymous_11)
FN:89,(anonymous_12)
FN:100,(anonymous_13)
FN:101,(anonymous_14)
FN:102,(anonymous_15)
FN:116,(anonymous_16)
FN:117,(anonymous_17)
FN:118,(anonymous_18)
FN:130,(anonymous_19)
FN:131,(anonymous_20)
FN:132,(anonymous_21)
FN:143,(anonymous_22)
FN:144,(anonymous_23)
FN:145,(anonymous_24)
FN:156,(anonymous_25)
FN:157,(anonymous_26)
FN:158,(anonymous_27)
FNF:27
FNH:3
FNDA:1,(anonymous_1)
FNDA:1,(anonymous_2)
FNDA:1,(anonymous_3)
FNDA:0,(anonymous_4)
FNDA:0,(anonymous_5)
FNDA:0,(anonymous_6)
FNDA:0,(anonymous_7)
FNDA:0,(anonymous_8)
FNDA:0,(anonymous_9)
FNDA:0,(anonymous_10)
FNDA:0,(anonymous_11)
FNDA:0,(anonymous_12)
FNDA:0,(anonymous_13)
FNDA:0,(anonymous_14)
FNDA:0,(anonymous_15)
FNDA:0,(anonymous_16)
FNDA:0,(anonymous_17)
FNDA:0,(anonymous_18)
FNDA:0,(anonymous_19)
FNDA:0,(anonymous_20)
FNDA:0,(anonymous_21)
FNDA:0,(anonymous_22)
FNDA:0,(anonymous_23)
FNDA:0,(anonymous_24)
FNDA:0,(anonymous_25)
FNDA:0,(anonymous_26)
FNDA:0,(anonymous_27)
DA:1,1
DA:2,1
DA:3,1
DA:4,1
DA:22,1
DA:23,1
DA:24,1
DA:25,1
DA:26,1
DA:34,1
DA:51,1
DA:54,0
DA:56,0
DA:58,0
DA:68,1
DA:73,0
DA:74,0
DA:75,0
DA:84,1
DA:87,0
DA:88,0
DA:89,0
DA:97,1
DA:100,0
DA:101,0
DA:102,0
DA:111,1
DA:116,0
DA:117,0
DA:118,0
DA:127,1
DA:130,0
DA:131,0
DA:132,0
DA:140,1
DA:143,0
DA:144,0
DA:145,0
DA:153,1
DA:156,0
DA:157,0
DA:158,0
DA:163,1
LF:43
LH:19
BRF:0
BRH:0
end_of_record
TN:
SF:src/routers/productRoutes.ts
FN:22,(anonymous_1)
FN:34,(anonymous_2)
FN:46,(anonymous_3)
FN:71,(anonymous_4)
FN:81,(anonymous_5)
FN:82,(anonymous_6)
FN:104,(anonymous_7)
FN:111,(anonymous_8)
FN:112,(anonymous_9)
FN:133,(anonymous_10)
FN:135,(anonymous_11)
FN:136,(anonymous_12)
FN:157,(anonymous_13)
FN:158,(anonymous_14)
FN:159,(anonymous_15)
FN:180,(anonymous_16)
FN:181,(anonymous_17)
FN:182,(anonymous_18)
FN:194,(anonymous_19)
FN:195,(anonymous_20)
FN:196,(anonymous_21)
FN:210,(anonymous_22)
FN:211,(anonymous_23)
FN:212,(anonymous_24)
FNF:24
FNH:23
FNDA:1,(anonymous_1)
FNDA:1,(anonymous_2)
FNDA:1,(anonymous_3)
FNDA:112,(anonymous_4)
FNDA:110,(anonymous_5)
FNDA:2,(anonymous_6)
FNDA:5,(anonymous_7)
FNDA:2,(anonymous_8)
FNDA:3,(anonymous_9)
FNDA:23,(anonymous_10)
FNDA:18,(anonymous_11)
FNDA:5,(anonymous_12)
FNDA:51,(anonymous_13)
FNDA:50,(anonymous_14)
FNDA:1,(anonymous_15)
FNDA:4,(anonymous_16)
FNDA:3,(anonymous_17)
FNDA:1,(anonymous_18)
FNDA:1,(anonymous_19)
FNDA:1,(anonymous_20)
FNDA:0,(anonymous_21)
FNDA:106,(anonymous_22)
FNDA:105,(anonymous_23)
FNDA:1,(anonymous_24)
DA:1,1
DA:2,1
DA:3,1
DA:4,1
DA:7,1
DA:23,1
DA:24,1
DA:25,1
DA:26,1
DA:27,1
DA:35,1
DA:60,1
DA:72,112
DA:81,110
DA:83,2
DA:96,1
DA:105,5
DA:111,2
DA:112,3
DA:124,1
DA:133,23
DA:135,18
DA:137,5
DA:150,1
DA:157,51
DA:158,50
DA:160,1
DA:173,1
DA:180,4
DA:181,3
DA:182,1
DA:190,1
DA:194,1
DA:195,1
DA:196,0
DA:205,1
DA:210,106
DA:211,105
DA:212,1
DA:219,1
LF:40
LH:39
BRF:0
BRH:0
end_of_record
TN:
SF:src/routers/reviewRoutes.ts
FN:14,(anonymous_1)
FN:22,(anonymous_2)
FN:26,(anonymous_3)
FN:44,(anonymous_4)
FN:45,(anonymous_5)
FN:46,(anonymous_6)
FN:62,(anonymous_7)
FN:63,(anonymous_8)
FN:64,(anonymous_9)
FN:79,(anonymous_10)
FN:80,(anonymous_11)
FN:81,(anonymous_12)
FN:97,(anonymous_13)
FN:98,(anonymous_14)
FN:99,(anonymous_15)
FN:110,(anonymous_16)
FN:111,(anonymous_17)
FN:112,(anonymous_18)
FNF:18
FNH:3
FNDA:1,(anonymous_1)
FNDA:1,(anonymous_2)
FNDA:1,(anonymous_3)
FNDA:0,(anonymous_4)
FNDA:0,(anonymous_5)
FNDA:0,(anonymous_6)
FNDA:0,(anonymous_7)
FNDA:0,(anonymous_8)
FNDA:0,(anonymous_9)
FNDA:0,(anonymous_10)
FNDA:0,(anonymous_11)
FNDA:0,(anonymous_12)
FNDA:0,(anonymous_13)
FNDA:0,(anonymous_14)
FNDA:0,(anonymous_15)
FNDA:0,(anonymous_16)
FNDA:0,(anonymous_17)
FNDA:0,(anonymous_18)
DA:1,1
DA:2,1
DA:3,1
DA:4,1
DA:15,1
DA:16,1
DA:17,1
DA:18,1
DA:19,1
DA:23,1
DA:37,1
DA:44,0
DA:45,0
DA:47,0
DA:57,1
DA:62,0
DA:63,0
DA:64,0
DA:74,1
DA:79,0
DA:80,0
DA:82,0
DA:92,1
DA:97,0
DA:98,0
DA:99,0
DA:107,1
DA:110,0
DA:111,0
DA:112,0
DA:117,1
LF:31
LH:16
BRF:0
BRH:0
end_of_record
TN:
SF:src/routers/userRoutes.ts
FN:23,(anonymous_1)
FN:35,(anonymous_2)
FN:46,(anonymous_3)
FN:67,(anonymous_4)
FN:76,(anonymous_5)
FN:77,(anonymous_6)
FN:91,(anonymous_7)
FN:92,(anonymous_8)
FN:93,(anonymous_9)
FN:108,(anonymous_10)
FN:109,(anonymous_11)
FN:112,(anonymous_12)
FN:126,(anonymous_13)
FN:128,(anonymous_14)
FN:129,(anonymous_15)
FN:145,(anonymous_16)
FN:147,(anonymous_17)
FN:152,(anonymous_18)
FN:153,(anonymous_19)
FN:156,(anonymous_20)
FN:170,(anonymous_21)
FN:171,(anonymous_22)
FN:172,(anonymous_23)
FN:195,(anonymous_24)
FN:197,(anonymous_25)
FN:208,(anonymous_26)
FN:209,(anonymous_27)
FN:211,(anonymous_28)
FN:230,(anonymous_29)
FN:237,(anonymous_30)
FN:248,(anonymous_31)
FN:264,(anonymous_32)
FN:265,(anonymous_33)
FN:266,(anonymous_34)
FN:277,(anonymous_35)
FN:279,(anonymous_36)
FN:280,(anonymous_37)
FN:292,(anonymous_38)
FNF:38
FNH:10
FNDA:1,(anonymous_1)
FNDA:1,(anonymous_2)
FNDA:1,(anonymous_3)
FNDA:3,(anonymous_4)
FNDA:3,(anonymous_5)
FNDA:0,(anonymous_6)
FNDA:0,(anonymous_7)
FNDA:0,(anonymous_8)
FNDA:0,(anonymous_9)
FNDA:0,(anonymous_10)
FNDA:0,(anonymous_11)
FNDA:0,(anonymous_12)
FNDA:0,(anonymous_13)
FNDA:0,(anonymous_14)
FNDA:0,(anonymous_15)
FNDA:0,(anonymous_16)
FNDA:0,(anonymous_17)
FNDA:0,(anonymous_18)
FNDA:0,(anonymous_19)
FNDA:0,(anonymous_20)
FNDA:0,(anonymous_21)
FNDA:0,(anonymous_22)
FNDA:0,(anonymous_23)
FNDA:0,(anonymous_24)
FNDA:0,(anonymous_25)
FNDA:0,(anonymous_26)
FNDA:0,(anonymous_27)
FNDA:0,(anonymous_28)
FNDA:1,(anonymous_29)
FNDA:1,(anonymous_30)
FNDA:1,(anonymous_31)
FNDA:3,(anonymous_32)
FNDA:3,(anonymous_33)
FNDA:0,(anonymous_34)
FNDA:0,(anonymous_35)
FNDA:0,(anonymous_36)
FNDA:0,(anonymous_37)
FNDA:0,(anonymous_38)
DA:1,1
DA:3,1
DA:5,1
DA:6,1
DA:8,1
DA:24,1
DA:25,1
DA:26,1
DA:27,1
DA:28,1
DA:36,1
DA:59,1
DA:68,3
DA:76,3
DA:78,0
DA:87,1
DA:91,0
DA:92,0
DA:93,0
DA:102,1
DA:108,0
DA:110,0
DA:112,0
DA:121,1
DA:127,0
DA:128,0
DA:129,0
DA:140,1
DA:146,0
DA:148,0
DA:149,0
DA:151,0
DA:152,0
DA:153,0
DA:156,0
DA:166,1
DA:170,0
DA:171,0
DA:172,0
DA:186,1
DA:196,0
DA:198,0
DA:199,0
DA:201,0
DA:202,0
DA:204,0
DA:205,0
DA:207,0
DA:208,0
DA:209,0
DA:211,0
DA:231,1
DA:232,1
DA:233,1
DA:234,1
DA:238,1
DA:259,1
DA:264,3
DA:265,3
DA:266,0
DA:274,1
DA:278,0
DA:279,0
DA:280,0
DA:289,1
DA:292,0
DA:297,1
LF:67
LH:31
BRDA:148,0,0,0
BRDA:148,1,0,0
BRDA:148,1,1,0
BRDA:148,1,2,0
BRDA:198,2,0,0
BRDA:198,3,0,0
BRDA:198,3,1,0
BRDA:198,3,2,0
BRDA:201,4,0,0
BRDA:201,5,0,0
BRDA:201,5,1,0
BRDA:204,6,0,0
BRF:12
BRH:0
end_of_record
